nohup: ignoring input
2026-01-04 22:09:55,872 [INFO] Ingestion: ============================================================
2026-01-04 22:09:55,872 [INFO] Ingestion: HeadSpace Ingestion Service
2026-01-04 22:09:55,872 [INFO] Ingestion: ============================================================
/workspaces/HeadSpace/services/ingestion/ingest.py:144: DeprecationWarning: Callback API version 1 is deprecated, update to latest version
  self.client = mqtt.Client(client_id=self.client_id)
2026-01-04 22:09:55,873 [INFO] MQTT: Connecting to MQTT broker at localhost:1883
2026-01-04 22:09:55,873 [INFO] MQTT: Connected to MQTT broker at localhost:1883
2026-01-04 22:09:55,973 [INFO] Ingestion: Running in SIMULATION mode (no hardware required)
2026-01-04 22:09:55,974 [INFO] Simulation: Initialized 4 simulated nodes
2026-01-04 22:09:55,974 [INFO] Simulation: Starting simulation mode
2026-01-04 22:09:55,974 [INFO] MQTT: Published node discovery for !12345001
2026-01-04 22:09:55,974 [INFO] MQTT: Published node discovery for !12345002
2026-01-04 22:09:55,975 [INFO] MQTT: Published node discovery for !12345003
2026-01-04 22:09:55,975 [INFO] MQTT: Published node discovery for !12345004
2026-01-04 22:09:55,975 [INFO] Simulation: [SIM] Position from Dog-Rex: 47.608190, -122.331900
2026-01-04 22:09:55,975 [INFO] Simulation: [SIM] Position from Dog-Luna: 47.606648, -122.331213
2026-01-04 22:09:55,975 [INFO] Simulation: [SIM] Position from Base-Station-1: 47.602560, -122.325956
2026-01-04 22:09:55,976 [INFO] Simulation: [SIM] Position from Team-Lead-1: 47.600648, -122.341100
2026-01-04 22:10:05,976 [INFO] Simulation: [SIM] Position from Dog-Rex: 47.608160, -122.331703
2026-01-04 22:10:05,977 [INFO] Simulation: [SIM] Position from Dog-Luna: 47.607087, -122.330406
2026-01-04 22:10:05,977 [INFO] Simulation: [SIM] Position from Base-Station-1: 47.602561, -122.325959
2026-01-04 22:10:05,977 [INFO] Simulation: [SIM] Position from Team-Lead-1: 47.600544, -122.341157
2026-01-04 22:10:15,978 [INFO] Simulation: [SIM] Position from Dog-Rex: 47.608111, -122.331509
2026-01-04 22:10:15,978 [INFO] Simulation: [SIM] Position from Dog-Luna: 47.607505, -122.329750
2026-01-04 22:10:15,978 [INFO] Simulation: [SIM] Position from Base-Station-1: 47.602563, -122.325959
2026-01-04 22:10:15,979 [INFO] Simulation: [SIM] Position from Team-Lead-1: 47.600603, -122.341250
2026-01-04 22:10:25,979 [INFO] Simulation: [SIM] Position from Dog-Rex: 47.608042, -122.331321
2026-01-04 22:10:25,979 [INFO] Simulation: [SIM] Position from Dog-Luna: 47.607894, -122.329304
2026-01-04 22:10:25,980 [INFO] Simulation: [SIM] Position from Base-Station-1: 47.602558, -122.325958
2026-01-04 22:10:25,980 [INFO] Simulation: [SIM] Position from Team-Lead-1: 47.600538, -122.341152
2026-01-04 22:10:35,981 [INFO] Simulation: [SIM] Position from Dog-Rex: 47.607955, -122.331141
2026-01-04 22:10:35,981 [INFO] Simulation: [SIM] Position from Dog-Luna: 47.608245, -122.329108
2026-01-04 22:10:35,981 [INFO] Simulation: [SIM] Position from Base-Station-1: 47.602560, -122.325954
2026-01-04 22:10:35,982 [INFO] Simulation: [SIM] Position from Team-Lead-1: 47.600724, -122.340985
2026-01-04 22:10:45,982 [INFO] Simulation: [SIM] Position from Dog-Rex: 47.607851, -122.330971
2026-01-04 22:10:45,983 [INFO] Simulation: [SIM] Position from Dog-Luna: 47.608550, -122.329178
2026-01-04 22:10:45,983 [INFO] Simulation: [SIM] Position from Base-Station-1: 47.602569, -122.325946
2026-01-04 22:10:45,984 [INFO] Simulation: [SIM] Position from Team-Lead-1: 47.600595, -122.340948
2026-01-04 22:10:55,985 [INFO] Simulation: [SIM] Position from Dog-Rex: 47.607730, -122.330812
2026-01-04 22:10:55,985 [INFO] Simulation: [SIM] Position from Dog-Luna: 47.608802, -122.329510
2026-01-04 22:10:55,985 [INFO] Simulation: [SIM] Position from Base-Station-1: 47.602568, -122.325955
2026-01-04 22:10:55,985 [INFO] Simulation: [SIM] Position from Team-Lead-1: 47.600525, -122.340796
2026-01-04 22:11:05,986 [INFO] Simulation: [SIM] Position from Dog-Rex: 47.607593, -122.330665
2026-01-04 22:11:05,987 [INFO] Simulation: [SIM] Position from Dog-Luna: 47.608996, -122.330074
2026-01-04 22:11:05,987 [INFO] Simulation: [SIM] Position from Base-Station-1: 47.602560, -122.325964
2026-01-04 22:11:05,987 [INFO] Simulation: [SIM] Position from Team-Lead-1: 47.600656, -122.340700
2026-01-04 22:11:15,988 [INFO] Simulation: [SIM] Position from Dog-Rex: 47.607443, -122.330533
2026-01-04 22:11:15,988 [INFO] Simulation: [SIM] Position from Dog-Luna: 47.609127, -122.330818
2026-01-04 22:11:15,989 [INFO] Simulation: [SIM] Position from Base-Station-1: 47.602567, -122.325960
2026-01-04 22:11:15,989 [INFO] Simulation: [SIM] Position from Team-Lead-1: 47.600526, -122.340629
2026-01-04 22:11:25,990 [INFO] Simulation: [SIM] Position from Dog-Rex: 47.607281, -122.330417
2026-01-04 22:11:25,990 [INFO] Simulation: [SIM] Position from Dog-Luna: 47.609192, -122.331677
2026-01-04 22:11:25,991 [INFO] Simulation: [SIM] Position from Base-Station-1: 47.602565, -122.325958
2026-01-04 22:11:25,991 [INFO] Simulation: [SIM] Position from Team-Lead-1: 47.600652, -122.340459
2026-01-04 22:11:35,991 [INFO] Simulation: [SIM] Position from Dog-Rex: 47.607107, -122.330318
2026-01-04 22:11:35,992 [INFO] Simulation: [SIM] Position from Dog-Luna: 47.609191, -122.332573
2026-01-04 22:11:35,992 [INFO] Simulation: [SIM] Position from Base-Station-1: 47.602559, -122.325949
2026-01-04 22:11:35,993 [INFO] Simulation: [SIM] Position from Team-Lead-1: 47.600771, -122.340407
2026-01-04 22:11:45,993 [INFO] Simulation: [SIM] Position from Dog-Rex: 47.606925, -122.330236
2026-01-04 22:11:45,993 [INFO] Simulation: [SIM] Position from Dog-Luna: 47.609122, -122.333428
2026-01-04 22:11:45,994 [INFO] Simulation: [SIM] Position from Base-Station-1: 47.602555, -122.325951
2026-01-04 22:11:45,994 [INFO] Simulation: [SIM] Position from Team-Lead-1: 47.600586, -122.340467
2026-01-04 22:11:55,994 [INFO] Simulation: [SIM] Position from Dog-Rex: 47.606735, -122.330173
2026-01-04 22:11:55,995 [INFO] Simulation: [SIM] Position from Dog-Luna: 47.608987, -122.334163
2026-01-04 22:11:55,995 [INFO] Simulation: [SIM] Position from Base-Station-1: 47.602555, -122.325944
2026-01-04 22:11:55,995 [INFO] Simulation: [SIM] Position from Team-Lead-1: 47.600786, -122.340665
2026-01-04 22:12:05,996 [INFO] Simulation: [SIM] Position from Dog-Rex: 47.606540, -122.330129
2026-01-04 22:12:05,996 [INFO] Simulation: [SIM] Position from Dog-Luna: 47.608790, -122.334715
2026-01-04 22:12:05,996 [INFO] Simulation: [SIM] Position from Base-Station-1: 47.602558, -122.325946
2026-01-04 22:12:05,996 [INFO] Simulation: [SIM] Position from Team-Lead-1: 47.600752, -122.340684
2026-01-04 22:12:15,997 [INFO] Simulation: [SIM] Position from Dog-Rex: 47.606341, -122.330105
2026-01-04 22:12:15,998 [INFO] Simulation: [SIM] Position from Dog-Luna: 47.608534, -122.335033
2026-01-04 22:12:15,998 [INFO] Simulation: [SIM] Position from Base-Station-1: 47.602564, -122.325946
2026-01-04 22:12:15,999 [INFO] Simulation: [SIM] Position from Team-Lead-1: 47.600697, -122.340706
2026-01-04 22:12:25,999 [INFO] Simulation: [SIM] Position from Dog-Rex: 47.606142, -122.330101
2026-01-04 22:12:25,999 [INFO] Simulation: [SIM] Position from Dog-Luna: 47.608226, -122.335088
2026-01-04 22:12:26,000 [INFO] Simulation: [SIM] Position from Base-Station-1: 47.602564, -122.325951
2026-01-04 22:12:26,000 [INFO] Simulation: [SIM] Position from Team-Lead-1: 47.600716, -122.340649
2026-01-04 22:12:36,001 [INFO] Simulation: [SIM] Position from Dog-Rex: 47.605942, -122.330117
2026-01-04 22:12:36,001 [INFO] Simulation: [SIM] Position from Dog-Luna: 47.607873, -122.334877
2026-01-04 22:12:36,001 [INFO] Simulation: [SIM] Position from Base-Station-1: 47.602570, -122.325954
2026-01-04 22:12:36,001 [INFO] Simulation: [SIM] Position from Team-Lead-1: 47.600859, -122.340701
2026-01-04 22:12:46,002 [INFO] Simulation: [SIM] Position from Dog-Rex: 47.605746, -122.330152
2026-01-04 22:12:46,002 [INFO] Simulation: [SIM] Position from Dog-Luna: 47.607482, -122.334418
2026-01-04 22:12:46,003 [INFO] Simulation: [SIM] Position from Base-Station-1: 47.602579, -122.325946
2026-01-04 22:12:46,003 [INFO] Simulation: [SIM] Position from Team-Lead-1: 47.600874, -122.340875
2026-01-04 22:12:56,004 [INFO] Simulation: [SIM] Position from Dog-Rex: 47.605553, -122.330207
2026-01-04 22:12:56,004 [INFO] Simulation: [SIM] Position from Dog-Luna: 47.607062, -122.333752
2026-01-04 22:12:56,005 [INFO] Simulation: [SIM] Position from Base-Station-1: 47.602589, -122.325938
2026-01-04 22:12:56,005 [INFO] Simulation: [SIM] Position from Team-Lead-1: 47.600676, -122.340828
2026-01-04 22:13:06,006 [INFO] Simulation: [SIM] Position from Dog-Rex: 47.605368, -122.330281
2026-01-04 22:13:06,006 [INFO] Simulation: [SIM] Position from Dog-Luna: 47.606623, -122.332938
2026-01-04 22:13:06,006 [INFO] Simulation: [SIM] Position from Base-Station-1: 47.602597, -122.325948
2026-01-04 22:13:06,006 [INFO] Simulation: [SIM] Position from Team-Lead-1: 47.600523, -122.340675
2026-01-04 22:13:16,007 [INFO] Simulation: [SIM] Position from Dog-Rex: 47.605190, -122.330374
2026-01-04 22:13:16,007 [INFO] Simulation: [SIM] Position from Dog-Luna: 47.606175, -122.332050
2026-01-04 22:13:16,008 [INFO] Simulation: [SIM] Position from Base-Station-1: 47.602588, -122.325946
2026-01-04 22:13:16,008 [INFO] Simulation: [SIM] Position from Team-Lead-1: 47.600655, -122.340689
2026-01-04 22:13:26,009 [INFO] Simulation: [SIM] Position from Dog-Rex: 47.605023, -122.330483
2026-01-04 22:13:26,009 [INFO] Simulation: [SIM] Position from Dog-Luna: 47.605727, -122.331165
2026-01-04 22:13:26,009 [INFO] Simulation: [SIM] Position from Base-Station-1: 47.602585, -122.325938
2026-01-04 22:13:26,009 [INFO] Simulation: [SIM] Position from Team-Lead-1: 47.600811, -122.340559
2026-01-04 22:13:36,010 [INFO] Simulation: [SIM] Position from Dog-Rex: 47.604867, -122.330609
2026-01-04 22:13:36,010 [INFO] Simulation: [SIM] Position from Dog-Luna: 47.605289, -122.330365
2026-01-04 22:13:36,011 [INFO] Simulation: [SIM] Position from Base-Station-1: 47.602577, -122.325944
2026-01-04 22:13:36,011 [INFO] Simulation: [SIM] Position from Team-Lead-1: 47.600687, -122.340378
2026-01-04 22:13:46,011 [INFO] Simulation: [SIM] Position from Dog-Rex: 47.604725, -122.330749
2026-01-04 22:13:46,012 [INFO] Simulation: [SIM] Position from Dog-Luna: 47.604872, -122.329719
2026-01-04 22:13:46,012 [INFO] Simulation: [SIM] Position from Base-Station-1: 47.602569, -122.325947
2026-01-04 22:13:46,013 [INFO] Simulation: [SIM] Position from Team-Lead-1: 47.600527, -122.340239
2026-01-04 22:13:56,013 [INFO] Simulation: [SIM] Position from Dog-Rex: 47.604598, -122.330903
2026-01-04 22:13:56,014 [INFO] Simulation: [SIM] Position from Dog-Luna: 47.604485, -122.329286
2026-01-04 22:13:56,014 [INFO] Simulation: [SIM] Position from Base-Station-1: 47.602575, -122.325942
2026-01-04 22:13:56,014 [INFO] Simulation: [SIM] Position from Team-Lead-1: 47.600437, -122.340057
2026-01-04 22:14:06,015 [INFO] Simulation: [SIM] Position from Dog-Rex: 47.604486, -122.331069
2026-01-04 22:14:06,015 [INFO] Simulation: [SIM] Position from Dog-Luna: 47.604137, -122.329104
2026-01-04 22:14:06,015 [INFO] Simulation: [SIM] Position from Base-Station-1: 47.602577, -122.325947
2026-01-04 22:14:06,016 [INFO] Simulation: [SIM] Position from Team-Lead-1: 47.600633, -122.339863
2026-01-04 22:14:16,016 [INFO] Simulation: [SIM] Position from Dog-Rex: 47.604392, -122.331245
2026-01-04 22:14:16,017 [INFO] Simulation: [SIM] Position from Dog-Luna: 47.603834, -122.329190
2026-01-04 22:14:16,017 [INFO] Simulation: [SIM] Position from Base-Station-1: 47.602577, -122.325941
2026-01-04 22:14:16,018 [INFO] Simulation: [SIM] Position from Team-Lead-1: 47.600762, -122.339703
2026-01-04 22:14:26,018 [INFO] Simulation: [SIM] Position from Dog-Rex: 47.604316, -122.331430
2026-01-04 22:14:26,019 [INFO] Simulation: [SIM] Position from Dog-Luna: 47.603585, -122.329536
2026-01-04 22:14:26,019 [INFO] Simulation: [SIM] Position from Base-Station-1: 47.602578, -122.325950
2026-01-04 22:14:26,019 [INFO] Simulation: [SIM] Position from Team-Lead-1: 47.600828, -122.339595
2026-01-04 22:14:36,020 [INFO] Simulation: [SIM] Position from Dog-Rex: 47.604258, -122.331622
2026-01-04 22:14:36,020 [INFO] Simulation: [SIM] Position from Dog-Luna: 47.603395, -122.330111
2026-01-04 22:14:36,021 [INFO] Simulation: [SIM] Position from Base-Station-1: 47.602571, -122.325944
2026-01-04 22:14:36,021 [INFO] Simulation: [SIM] Position from Team-Lead-1: 47.600852, -122.339453
2026-01-04 22:14:46,022 [INFO] Simulation: [SIM] Position from Dog-Rex: 47.604220, -122.331818
2026-01-04 22:14:46,022 [INFO] Simulation: [SIM] Position from Dog-Luna: 47.603267, -122.330864
2026-01-04 22:14:46,023 [INFO] Simulation: [SIM] Position from Base-Station-1: 47.602566, -122.325950
2026-01-04 22:14:46,023 [INFO] Simulation: [SIM] Position from Team-Lead-1: 47.601021, -122.339600
2026-01-04 22:14:56,023 [INFO] Simulation: [SIM] Position from Dog-Rex: 47.604202, -122.332017
2026-01-04 22:14:56,024 [INFO] Simulation: [SIM] Position from Dog-Luna: 47.603206, -122.331727
2026-01-04 22:14:56,024 [INFO] Simulation: [SIM] Position from Base-Station-1: 47.602567, -122.325959
2026-01-04 22:14:56,024 [INFO] Simulation: [SIM] Position from Team-Lead-1: 47.601094, -122.339573
2026-01-04 22:15:06,025 [INFO] Simulation: [SIM] Position from Dog-Rex: 47.604203, -122.332217
2026-01-04 22:15:06,025 [INFO] Simulation: [SIM] Position from Dog-Luna: 47.603212, -122.332623
2026-01-04 22:15:06,025 [INFO] Simulation: [SIM] Position from Base-Station-1: 47.602557, -122.325966
2026-01-04 22:15:06,026 [INFO] Simulation: [SIM] Position from Team-Lead-1: 47.601237, -122.339548
2026-01-04 22:15:16,026 [INFO] Simulation: [SIM] Position from Dog-Rex: 47.604225, -122.332415
2026-01-04 22:15:16,027 [INFO] Simulation: [SIM] Position from Dog-Luna: 47.603284, -122.333473
2026-01-04 22:15:16,027 [INFO] Simulation: [SIM] Position from Base-Station-1: 47.602557, -122.325973
2026-01-04 22:15:16,027 [INFO] Simulation: [SIM] Position from Team-Lead-1: 47.601143, -122.339522
2026-01-04 22:15:26,028 [INFO] Simulation: [SIM] Position from Dog-Rex: 47.604266, -122.332611
2026-01-04 22:15:26,028 [INFO] Simulation: [SIM] Position from Dog-Luna: 47.603423, -122.334200
2026-01-04 22:15:26,028 [INFO] Simulation: [SIM] Position from Base-Station-1: 47.602559, -122.325983
2026-01-04 22:15:26,028 [INFO] Simulation: [SIM] Position from Team-Lead-1: 47.601118, -122.339592
2026-01-04 22:15:36,029 [INFO] Simulation: [SIM] Position from Dog-Rex: 47.604327, -122.332802
2026-01-04 22:15:36,030 [INFO] Simulation: [SIM] Position from Dog-Luna: 47.603623, -122.334739
2026-01-04 22:15:36,030 [INFO] Simulation: [SIM] Position from Base-Station-1: 47.602566, -122.325988
2026-01-04 22:15:36,030 [INFO] Simulation: [SIM] Position from Team-Lead-1: 47.600999, -122.339566
2026-01-04 22:15:46,030 [INFO] Simulation: [SIM] Position from Dog-Rex: 47.604406, -122.332985
2026-01-04 22:15:46,031 [INFO] Simulation: [SIM] Position from Dog-Luna: 47.603882, -122.335043
2026-01-04 22:15:46,031 [INFO] Simulation: [SIM] Position from Base-Station-1: 47.602563, -122.325986
2026-01-04 22:15:46,032 [INFO] Simulation: [SIM] Position from Team-Lead-1: 47.600980, -122.339709
2026-01-04 22:15:56,032 [INFO] Simulation: [SIM] Position from Dog-Rex: 47.604504, -122.333160
2026-01-04 22:15:56,033 [INFO] Simulation: [SIM] Position from Dog-Luna: 47.604192, -122.335084
2026-01-04 22:15:56,033 [INFO] Simulation: [SIM] Position from Base-Station-1: 47.602562, -122.325985
2026-01-04 22:15:56,033 [INFO] Simulation: [SIM] Position from Team-Lead-1: 47.601040, -122.339656
2026-01-04 22:16:06,034 [INFO] Simulation: [SIM] Position from Dog-Rex: 47.604618, -122.333324
2026-01-04 22:16:06,034 [INFO] Simulation: [SIM] Position from Dog-Luna: 47.604548, -122.334858
2026-01-04 22:16:06,034 [INFO] Simulation: [SIM] Position from Base-Station-1: 47.602554, -122.325990
2026-01-04 22:16:06,035 [INFO] Simulation: [SIM] Position from Team-Lead-1: 47.601007, -122.339772
2026-01-04 22:16:16,035 [INFO] Simulation: [SIM] Position from Dog-Rex: 47.604748, -122.333476
2026-01-04 22:16:16,036 [INFO] Simulation: [SIM] Position from Dog-Luna: 47.604941, -122.334386
2026-01-04 22:16:16,036 [INFO] Simulation: [SIM] Position from Base-Station-1: 47.602558, -122.325996
2026-01-04 22:16:16,036 [INFO] Simulation: [SIM] Position from Team-Lead-1: 47.601163, -122.339871
2026-01-04 22:16:26,037 [INFO] Simulation: [SIM] Position from Dog-Rex: 47.604893, -122.333614
2026-01-04 22:16:26,037 [INFO] Simulation: [SIM] Position from Dog-Luna: 47.605362, -122.333710
2026-01-04 22:16:26,037 [INFO] Simulation: [SIM] Position from Base-Station-1: 47.602550, -122.326006
2026-01-04 22:16:26,038 [INFO] Simulation: [SIM] Position from Team-Lead-1: 47.601152, -122.339933
2026-01-04 22:16:36,038 [INFO] Simulation: [SIM] Position from Dog-Rex: 47.605050, -122.333737
2026-01-04 22:16:36,038 [INFO] Simulation: [SIM] Position from Dog-Luna: 47.605802, -122.332890
2026-01-04 22:16:36,039 [INFO] Simulation: [SIM] Position from Base-Station-1: 47.602553, -122.326009
2026-01-04 22:16:36,039 [INFO] Simulation: [SIM] Position from Team-Lead-1: 47.601003, -122.339990
2026-01-04 22:16:46,040 [INFO] Simulation: [SIM] Position from Dog-Rex: 47.605219, -122.333843
2026-01-04 22:16:46,040 [INFO] Simulation: [SIM] Position from Dog-Luna: 47.606250, -122.331999
2026-01-04 22:16:46,041 [INFO] Simulation: [SIM] Position from Base-Station-1: 47.602552, -122.326009
2026-01-04 22:16:46,041 [INFO] Simulation: [SIM] Position from Team-Lead-1: 47.600927, -122.339796
2026-01-04 22:16:56,042 [INFO] Simulation: [SIM] Position from Dog-Rex: 47.605398, -122.333932
2026-01-04 22:16:56,042 [INFO] Simulation: [SIM] Position from Dog-Luna: 47.606698, -122.331118
2026-01-04 22:16:56,043 [INFO] Simulation: [SIM] Position from Base-Station-1: 47.602543, -122.326013
2026-01-04 22:16:56,043 [INFO] Simulation: [SIM] Position from Team-Lead-1: 47.600907, -122.339925
2026-01-04 22:17:06,043 [INFO] Simulation: [SIM] Position from Dog-Rex: 47.605585, -122.334003
2026-01-04 22:17:06,044 [INFO] Simulation: [SIM] Position from Dog-Luna: 47.607135, -122.330324
2026-01-04 22:17:06,044 [INFO] Simulation: [SIM] Position from Base-Station-1: 47.602549, -122.326016
2026-01-04 22:17:06,044 [INFO] Simulation: [SIM] Position from Team-Lead-1: 47.601029, -122.340067
2026-01-04 22:17:16,045 [INFO] Simulation: [SIM] Position from Dog-Rex: 47.605778, -122.334055
2026-01-04 22:17:16,045 [INFO] Simulation: [SIM] Position from Dog-Luna: 47.607550, -122.329689
2026-01-04 22:17:16,045 [INFO] Simulation: [SIM] Position from Base-Station-1: 47.602550, -122.326020
2026-01-04 22:17:16,046 [INFO] Simulation: [SIM] Position from Team-Lead-1: 47.601064, -122.340077
2026-01-04 22:17:26,047 [INFO] Simulation: [SIM] Position from Dog-Rex: 47.605976, -122.334087
2026-01-04 22:17:26,047 [INFO] Simulation: [SIM] Position from Dog-Luna: 47.607935, -122.329269
2026-01-04 22:17:26,047 [INFO] Simulation: [SIM] Position from Base-Station-1: 47.602552, -122.326011
2026-01-04 22:17:26,048 [INFO] Simulation: [SIM] Position from Team-Lead-1: 47.601038, -122.339909
2026-01-04 22:17:36,048 [INFO] Simulation: [SIM] Position from Dog-Rex: 47.606175, -122.334100
2026-01-04 22:17:36,048 [INFO] Simulation: [SIM] Position from Dog-Luna: 47.608282, -122.329102
2026-01-04 22:17:36,048 [INFO] Simulation: [SIM] Position from Base-Station-1: 47.602547, -122.326012
2026-01-04 22:17:36,049 [INFO] Simulation: [SIM] Position from Team-Lead-1: 47.601079, -122.339753
2026-01-04 22:17:46,049 [INFO] Simulation: [SIM] Position from Dog-Rex: 47.606375, -122.334092
2026-01-04 22:17:46,050 [INFO] Simulation: [SIM] Position from Dog-Luna: 47.608581, -122.329203
2026-01-04 22:17:46,050 [INFO] Simulation: [SIM] Position from Base-Station-1: 47.602551, -122.326020
2026-01-04 22:17:46,051 [INFO] Simulation: [SIM] Position from Team-Lead-1: 47.600918, -122.339564
2026-01-04 22:17:56,051 [INFO] Simulation: [SIM] Position from Dog-Rex: 47.606573, -122.334065
2026-01-04 22:17:56,051 [INFO] Simulation: [SIM] Position from Dog-Luna: 47.608827, -122.329563
2026-01-04 22:17:56,052 [INFO] Simulation: [SIM] Position from Base-Station-1: 47.602552, -122.326020
2026-01-04 22:17:56,052 [INFO] Simulation: [SIM] Position from Team-Lead-1: 47.601012, -122.339395
2026-01-04 22:18:06,052 [INFO] Simulation: [SIM] Position from Dog-Rex: 47.606767, -122.334018
2026-01-04 22:18:06,053 [INFO] Simulation: [SIM] Position from Dog-Luna: 47.609014, -122.330149
2026-01-04 22:18:06,053 [INFO] Simulation: [SIM] Position from Base-Station-1: 47.602558, -122.326028
2026-01-04 22:18:06,053 [INFO] Simulation: [SIM] Position from Team-Lead-1: 47.600822, -122.339521
2026-01-04 22:18:16,054 [INFO] Simulation: [SIM] Position from Dog-Rex: 47.606956, -122.333952
2026-01-04 22:18:16,054 [INFO] Simulation: [SIM] Position from Dog-Luna: 47.609138, -122.330910
2026-01-04 22:18:16,055 [INFO] Simulation: [SIM] Position from Base-Station-1: 47.602554, -122.326028
2026-01-04 22:18:16,055 [INFO] Simulation: [SIM] Position from Team-Lead-1: 47.600755, -122.339695
2026-01-04 22:18:26,056 [INFO] Simulation: [SIM] Position from Dog-Rex: 47.607137, -122.333867
2026-01-04 22:18:26,056 [INFO] Simulation: [SIM] Position from Dog-Luna: 47.609196, -122.331777
2026-01-04 22:18:26,057 [INFO] Simulation: [SIM] Position from Base-Station-1: 47.602558, -122.326036
2026-01-04 22:18:26,057 [INFO] Simulation: [SIM] Position from Team-Lead-1: 47.600720, -122.339768
2026-01-04 22:18:36,057 [INFO] Simulation: [SIM] Position from Dog-Rex: 47.607309, -122.333765
2026-01-04 22:18:36,057 [INFO] Simulation: [SIM] Position from Dog-Luna: 47.609186, -122.332673
2026-01-04 22:18:36,058 [INFO] Simulation: [SIM] Position from Base-Station-1: 47.602564, -122.326043
2026-01-04 22:18:36,058 [INFO] Simulation: [SIM] Position from Team-Lead-1: 47.600706, -122.339593
2026-01-04 22:18:46,059 [INFO] Simulation: [SIM] Position from Dog-Rex: 47.607469, -122.333646
2026-01-04 22:18:46,059 [INFO] Simulation: [SIM] Position from Dog-Luna: 47.609110, -122.333517
2026-01-04 22:18:46,060 [INFO] Simulation: [SIM] Position from Base-Station-1: 47.602564, -122.326039
2026-01-04 22:18:46,060 [INFO] Simulation: [SIM] Position from Team-Lead-1: 47.600757, -122.339569
2026-01-04 22:18:56,061 [INFO] Simulation: [SIM] Position from Dog-Rex: 47.607617, -122.333511
2026-01-04 22:18:56,061 [INFO] Simulation: [SIM] Position from Dog-Luna: 47.608968, -122.334235
2026-01-04 22:18:56,061 [INFO] Simulation: [SIM] Position from Base-Station-1: 47.602567, -122.326037
2026-01-04 22:18:56,062 [INFO] Simulation: [SIM] Position from Team-Lead-1: 47.600725, -122.339747
2026-01-04 22:19:06,062 [INFO] Simulation: [SIM] Position from Dog-Rex: 47.607751, -122.333363
2026-01-04 22:19:06,063 [INFO] Simulation: [SIM] Position from Dog-Luna: 47.608764, -122.334763
2026-01-04 22:19:06,063 [INFO] Simulation: [SIM] Position from Base-Station-1: 47.602571, -122.326032
2026-01-04 22:19:06,064 [INFO] Simulation: [SIM] Position from Team-Lead-1: 47.600867, -122.339913
2026-01-04 22:19:16,064 [INFO] Simulation: [SIM] Position from Dog-Rex: 47.607869, -122.333201
2026-01-04 22:19:16,064 [INFO] Simulation: [SIM] Position from Dog-Luna: 47.608502, -122.335052
2026-01-04 22:19:16,065 [INFO] Simulation: [SIM] Position from Base-Station-1: 47.602566, -122.326029
2026-01-04 22:19:16,066 [INFO] Simulation: [SIM] Position from Team-Lead-1: 47.600721, -122.339722
2026-01-04 22:19:26,066 [INFO] Simulation: [SIM] Position from Dog-Rex: 47.607971, -122.333029
2026-01-04 22:19:26,067 [INFO] Simulation: [SIM] Position from Dog-Luna: 47.608189, -122.335078
2026-01-04 22:19:26,067 [INFO] Simulation: [SIM] Position from Base-Station-1: 47.602565, -122.326026
2026-01-04 22:19:26,067 [INFO] Simulation: [SIM] Position from Team-Lead-1: 47.600845, -122.339832
2026-01-04 22:19:36,067 [INFO] Simulation: [SIM] Position from Dog-Rex: 47.608055, -122.332848
2026-01-04 22:19:36,068 [INFO] Simulation: [SIM] Position from Dog-Luna: 47.607831, -122.334838
2026-01-04 22:19:36,068 [INFO] Simulation: [SIM] Position from Base-Station-1: 47.602565, -122.326022
2026-01-04 22:19:36,068 [INFO] Simulation: [SIM] Position from Team-Lead-1: 47.601013, -122.339754
2026-01-04 22:19:46,069 [INFO] Simulation: [SIM] Position from Dog-Rex: 47.608120, -122.332659
2026-01-04 22:19:46,069 [INFO] Simulation: [SIM] Position from Dog-Luna: 47.607436, -122.334353
2026-01-04 22:19:46,070 [INFO] Simulation: [SIM] Position from Base-Station-1: 47.602561, -122.326020
2026-01-04 22:19:46,070 [INFO] Simulation: [SIM] Position from Team-Lead-1: 47.601042, -122.339737
2026-01-04 22:19:56,071 [INFO] Simulation: [SIM] Position from Dog-Rex: 47.608167, -122.332464
2026-01-04 22:19:56,071 [INFO] Simulation: [SIM] Position from Dog-Luna: 47.607014, -122.333667
2026-01-04 22:19:56,072 [INFO] Simulation: [SIM] Position from Base-Station-1: 47.602558, -122.326013
2026-01-04 22:19:56,072 [INFO] Simulation: [SIM] Position from Team-Lead-1: 47.601133, -122.339929
2026-01-04 22:20:06,072 [INFO] Simulation: [SIM] Position from Dog-Rex: 47.608193, -122.332266
2026-01-04 22:20:06,073 [INFO] Simulation: [SIM] Position from Dog-Luna: 47.606573, -122.332841
2026-01-04 22:20:06,073 [INFO] Simulation: [SIM] Position from Base-Station-1: 47.602557, -122.326015
2026-01-04 22:20:06,073 [INFO] Simulation: [SIM] Position from Team-Lead-1: 47.601045, -122.339796
2026-01-04 22:20:16,074 [INFO] Simulation: [SIM] Position from Dog-Rex: 47.608200, -122.332066
2026-01-04 22:20:16,074 [INFO] Simulation: [SIM] Position from Dog-Luna: 47.606124, -122.331949
2026-01-04 22:20:16,075 [INFO] Simulation: [SIM] Position from Base-Station-1: 47.602560, -122.326023
2026-01-04 22:20:16,075 [INFO] Simulation: [SIM] Position from Team-Lead-1: 47.601067, -122.339771
2026-01-04 22:20:26,076 [INFO] Simulation: [SIM] Position from Dog-Rex: 47.608186, -122.331867
2026-01-04 22:20:26,076 [INFO] Simulation: [SIM] Position from Dog-Luna: 47.605677, -122.331070
2026-01-04 22:20:26,076 [INFO] Simulation: [SIM] Position from Base-Station-1: 47.602564, -122.326020
2026-01-04 22:20:26,077 [INFO] Simulation: [SIM] Position from Team-Lead-1: 47.601222, -122.339777
2026-01-04 22:20:36,077 [INFO] Simulation: [SIM] Position from Dog-Rex: 47.608153, -122.331670
2026-01-04 22:20:36,077 [INFO] Simulation: [SIM] Position from Dog-Luna: 47.605241, -122.330283
2026-01-04 22:20:36,078 [INFO] Simulation: [SIM] Position from Base-Station-1: 47.602571, -122.326026
2026-01-04 22:20:36,078 [INFO] Simulation: [SIM] Position from Team-Lead-1: 47.601348, -122.339793
2026-01-04 22:20:46,079 [INFO] Simulation: [SIM] Position from Dog-Rex: 47.608100, -122.331477
2026-01-04 22:20:46,079 [INFO] Simulation: [SIM] Position from Dog-Luna: 47.604827, -122.329659
2026-01-04 22:20:46,080 [INFO] Simulation: [SIM] Position from Base-Station-1: 47.602572, -122.326017
2026-01-04 22:20:46,081 [INFO] Simulation: [SIM] Position from Team-Lead-1: 47.601452, -122.339955
2026-01-04 22:20:56,081 [INFO] Simulation: [SIM] Position from Dog-Rex: 47.608029, -122.331290
2026-01-04 22:20:56,081 [INFO] Simulation: [SIM] Position from Dog-Luna: 47.604444, -122.329253
2026-01-04 22:20:56,082 [INFO] Simulation: [SIM] Position from Base-Station-1: 47.602568, -122.326022
2026-01-04 22:20:56,082 [INFO] Simulation: [SIM] Position from Team-Lead-1: 47.601622, -122.339767
2026-01-04 22:21:06,083 [INFO] Simulation: [SIM] Position from Dog-Rex: 47.607939, -122.331112
2026-01-04 22:21:06,083 [INFO] Simulation: [SIM] Position from Dog-Luna: 47.604100, -122.329101
2026-01-04 22:21:06,084 [INFO] Simulation: [SIM] Position from Base-Station-1: 47.602567, -122.326031
2026-01-04 22:21:06,084 [INFO] Simulation: [SIM] Position from Team-Lead-1: 47.601630, -122.339586
2026-01-04 22:21:16,085 [INFO] Simulation: [SIM] Position from Dog-Rex: 47.607831, -122.330943
2026-01-04 22:21:16,085 [INFO] Simulation: [SIM] Position from Dog-Luna: 47.603804, -122.329217
2026-01-04 22:21:16,085 [INFO] Simulation: [SIM] Position from Base-Station-1: 47.602575, -122.326022
2026-01-04 22:21:16,086 [INFO] Simulation: [SIM] Position from Team-Lead-1: 47.601431, -122.339684
2026-01-04 22:21:26,087 [INFO] Simulation: [SIM] Position from Dog-Rex: 47.607708, -122.330786
2026-01-04 22:21:26,087 [INFO] Simulation: [SIM] Position from Dog-Luna: 47.603561, -122.329590
2026-01-04 22:21:26,087 [INFO] Simulation: [SIM] Position from Base-Station-1: 47.602566, -122.326031
2026-01-04 22:21:26,088 [INFO] Simulation: [SIM] Position from Team-Lead-1: 47.601291, -122.339535
2026-01-04 22:21:36,088 [INFO] Simulation: [SIM] Position from Dog-Rex: 47.607569, -122.330642
2026-01-04 22:21:36,089 [INFO] Simulation: [SIM] Position from Dog-Luna: 47.603377, -122.330188
2026-01-04 22:21:36,089 [INFO] Simulation: [SIM] Position from Base-Station-1: 47.602569, -122.326034
2026-01-04 22:21:36,089 [INFO] Simulation: [SIM] Position from Team-Lead-1: 47.601286, -122.339440
2026-01-04 22:21:46,090 [INFO] Simulation: [SIM] Position from Dog-Rex: 47.607417, -122.330513
2026-01-04 22:21:46,090 [INFO] Simulation: [SIM] Position from Dog-Luna: 47.603257, -122.330956
2026-01-04 22:21:46,090 [INFO] Simulation: [SIM] Position from Base-Station-1: 47.602571, -122.326032
2026-01-04 22:21:46,091 [INFO] Simulation: [SIM] Position from Team-Lead-1: 47.601453, -122.339634
2026-01-04 22:21:56,091 [INFO] Simulation: [SIM] Position from Dog-Rex: 47.607252, -122.330399
2026-01-04 22:21:56,091 [INFO] Simulation: [SIM] Position from Dog-Luna: 47.603203, -122.331827
2026-01-04 22:21:56,092 [INFO] Simulation: [SIM] Position from Base-Station-1: 47.602575, -122.326025
2026-01-04 22:21:56,092 [INFO] Simulation: [SIM] Position from Team-Lead-1: 47.601325, -122.339689
2026-01-04 22:22:06,092 [INFO] Simulation: [SIM] Position from Dog-Rex: 47.607077, -122.330303
2026-01-04 22:22:06,093 [INFO] Simulation: [SIM] Position from Dog-Luna: 47.603216, -122.332722
2026-01-04 22:22:06,093 [INFO] Simulation: [SIM] Position from Base-Station-1: 47.602583, -122.326020
2026-01-04 22:22:06,094 [INFO] Simulation: [SIM] Position from Team-Lead-1: 47.601489, -122.339583
2026-01-04 22:22:16,094 [INFO] Simulation: [SIM] Position from Dog-Rex: 47.606893, -122.330224
2026-01-04 22:22:16,095 [INFO] Simulation: [SIM] Position from Dog-Luna: 47.603297, -122.333562
2026-01-04 22:22:16,095 [INFO] Simulation: [SIM] Position from Base-Station-1: 47.602583, -122.326028
2026-01-04 22:22:16,095 [INFO] Simulation: [SIM] Position from Team-Lead-1: 47.601398, -122.339682
2026-01-04 22:22:26,096 [INFO] Simulation: [SIM] Position from Dog-Rex: 47.606703, -122.330164
2026-01-04 22:22:26,096 [INFO] Simulation: [SIM] Position from Dog-Luna: 47.603442, -122.334270
2026-01-04 22:22:26,096 [INFO] Simulation: [SIM] Position from Base-Station-1: 47.602591, -122.326024
2026-01-04 22:22:26,097 [INFO] Simulation: [SIM] Position from Team-Lead-1: 47.601490, -122.339759
2026-01-04 22:22:36,097 [INFO] Simulation: [SIM] Position from Dog-Rex: 47.606507, -122.330124
2026-01-04 22:22:36,097 [INFO] Simulation: [SIM] Position from Dog-Luna: 47.603649, -122.334786
2026-01-04 22:22:36,098 [INFO] Simulation: [SIM] Position from Base-Station-1: 47.602597, -122.326027
2026-01-04 22:22:36,098 [INFO] Simulation: [SIM] Position from Team-Lead-1: 47.601677, -122.339704
2026-01-04 22:22:46,099 [INFO] Simulation: [SIM] Position from Dog-Rex: 47.606308, -122.330103
2026-01-04 22:22:46,099 [INFO] Simulation: [SIM] Position from Dog-Luna: 47.603914, -122.335061
2026-01-04 22:22:46,100 [INFO] Simulation: [SIM] Position from Base-Station-1: 47.602594, -122.326031
2026-01-04 22:22:46,100 [INFO] Simulation: [SIM] Position from Team-Lead-1: 47.601491, -122.339681
2026-01-04 22:22:56,101 [INFO] Simulation: [SIM] Position from Dog-Rex: 47.606108, -122.330102
2026-01-04 22:22:56,102 [INFO] Simulation: [SIM] Position from Dog-Luna: 47.604230, -122.335071
2026-01-04 22:22:56,102 [INFO] Simulation: [SIM] Position from Base-Station-1: 47.602601, -122.326029
2026-01-04 22:22:56,102 [INFO] Simulation: [SIM] Position from Team-Lead-1: 47.601661, -122.339654
2026-01-04 22:23:06,103 [INFO] Simulation: [SIM] Position from Dog-Rex: 47.605909, -122.330121
2026-01-04 22:23:06,103 [INFO] Simulation: [SIM] Position from Dog-Luna: 47.604590, -122.334817
2026-01-04 22:23:06,103 [INFO] Simulation: [SIM] Position from Base-Station-1: 47.602603, -122.326033
2026-01-04 22:23:06,103 [INFO] Simulation: [SIM] Position from Team-Lead-1: 47.601650, -122.339664
2026-01-04 22:23:16,104 [INFO] Simulation: [SIM] Position from Dog-Rex: 47.605713, -122.330160
2026-01-04 22:23:16,104 [INFO] Simulation: [SIM] Position from Dog-Luna: 47.604987, -122.334319
2026-01-04 22:23:16,105 [INFO] Simulation: [SIM] Position from Base-Station-1: 47.602599, -122.326040
2026-01-04 22:23:16,105 [INFO] Simulation: [SIM] Position from Team-Lead-1: 47.601667, -122.339679
2026-01-04 22:23:26,106 [INFO] Simulation: [SIM] Position from Dog-Rex: 47.605522, -122.330219
2026-01-04 22:23:26,106 [INFO] Simulation: [SIM] Position from Dog-Luna: 47.605410, -122.333624
2026-01-04 22:23:26,106 [INFO] Simulation: [SIM] Position from Base-Station-1: 47.602597, -122.326036
2026-01-04 22:23:26,107 [INFO] Simulation: [SIM] Position from Team-Lead-1: 47.601518, -122.339777
2026-01-04 22:23:36,107 [INFO] Simulation: [SIM] Position from Dog-Rex: 47.605337, -122.330296
2026-01-04 22:23:36,107 [INFO] Simulation: [SIM] Position from Dog-Luna: 47.605852, -122.332792
2026-01-04 22:23:36,108 [INFO] Simulation: [SIM] Position from Base-Station-1: 47.602592, -122.326037
2026-01-04 22:23:36,108 [INFO] Simulation: [SIM] Position from Team-Lead-1: 47.601555, -122.339833
2026-01-04 22:23:46,108 [INFO] Simulation: [SIM] Position from Dog-Rex: 47.605161, -122.330391
2026-01-04 22:23:46,109 [INFO] Simulation: [SIM] Position from Dog-Luna: 47.606301, -122.331898
2026-01-04 22:23:46,109 [INFO] Simulation: [SIM] Position from Base-Station-1: 47.602598, -122.326032
2026-01-04 22:23:46,110 [INFO] Simulation: [SIM] Position from Team-Lead-1: 47.601372, -122.339637
2026-01-04 22:23:56,111 [INFO] Simulation: [SIM] Position from Dog-Rex: 47.604996, -122.330503
2026-01-04 22:23:56,111 [INFO] Simulation: [SIM] Position from Dog-Luna: 47.606748, -122.331023
2026-01-04 22:23:56,111 [INFO] Simulation: [SIM] Position from Base-Station-1: 47.602601, -122.326029
2026-01-04 22:23:56,112 [INFO] Simulation: [SIM] Position from Team-Lead-1: 47.601542, -122.339523
2026-01-04 22:24:06,112 [INFO] Simulation: [SIM] Position from Dog-Rex: 47.604843, -122.330631
2026-01-04 22:24:06,112 [INFO] Simulation: [SIM] Position from Dog-Luna: 47.607182, -122.330243
2026-01-04 22:24:06,113 [INFO] Simulation: [SIM] Position from Base-Station-1: 47.602593, -122.326039
2026-01-04 22:24:06,113 [INFO] Simulation: [SIM] Position from Team-Lead-1: 47.601628, -122.339343
2026-01-04 22:24:16,113 [INFO] Simulation: [SIM] Position from Dog-Rex: 47.604703, -122.330774
2026-01-04 22:24:16,114 [INFO] Simulation: [SIM] Position from Dog-Luna: 47.607595, -122.329630
2026-01-04 22:24:16,114 [INFO] Simulation: [SIM] Position from Base-Station-1: 47.602585, -122.326047
2026-01-04 22:24:16,114 [INFO] Simulation: [SIM] Position from Team-Lead-1: 47.601715, -122.339526
2026-01-04 22:24:26,115 [INFO] Simulation: [SIM] Position from Dog-Rex: 47.604578, -122.330930
2026-01-04 22:24:26,115 [INFO] Simulation: [SIM] Position from Dog-Luna: 47.607976, -122.329237
2026-01-04 22:24:26,115 [INFO] Simulation: [SIM] Position from Base-Station-1: 47.602585, -122.326055
2026-01-04 22:24:26,116 [INFO] Simulation: [SIM] Position from Team-Lead-1: 47.601579, -122.339370
2026-01-04 22:24:36,116 [INFO] Simulation: [SIM] Position from Dog-Rex: 47.604469, -122.331098
2026-01-04 22:24:36,117 [INFO] Simulation: [SIM] Position from Dog-Luna: 47.608318, -122.329100
2026-01-04 22:24:36,117 [INFO] Simulation: [SIM] Position from Base-Station-1: 47.602576, -122.326056
2026-01-04 22:24:36,117 [INFO] Simulation: [SIM] Position from Team-Lead-1: 47.601429, -122.339410
2026-01-04 22:24:46,118 [INFO] Simulation: [SIM] Position from Dog-Rex: 47.604378, -122.331276
2026-01-04 22:24:46,118 [INFO] Simulation: [SIM] Position from Dog-Luna: 47.608611, -122.329231
2026-01-04 22:24:46,118 [INFO] Simulation: [SIM] Position from Base-Station-1: 47.602579, -122.326053
2026-01-04 22:24:46,119 [INFO] Simulation: [SIM] Position from Team-Lead-1: 47.601375, -122.339429
2026-01-04 22:24:56,119 [INFO] Simulation: [SIM] Position from Dog-Rex: 47.604305, -122.331462
2026-01-04 22:24:56,120 [INFO] Simulation: [SIM] Position from Dog-Luna: 47.608851, -122.329618
2026-01-04 22:24:56,120 [INFO] Simulation: [SIM] Position from Base-Station-1: 47.602578, -122.326061
2026-01-04 22:24:56,120 [INFO] Simulation: [SIM] Position from Team-Lead-1: 47.601420, -122.339585
2026-01-04 22:25:06,121 [INFO] Simulation: [SIM] Position from Dog-Rex: 47.604250, -122.331654
2026-01-04 22:25:06,121 [INFO] Simulation: [SIM] Position from Dog-Luna: 47.609031, -122.330227
2026-01-04 22:25:06,121 [INFO] Simulation: [SIM] Position from Base-Station-1: 47.602585, -122.326058
2026-01-04 22:25:06,122 [INFO] Simulation: [SIM] Position from Team-Lead-1: 47.601499, -122.339645
2026-01-04 22:25:16,122 [INFO] Simulation: [SIM] Position from Dog-Rex: 47.604216, -122.331851
2026-01-04 22:25:16,123 [INFO] Simulation: [SIM] Position from Dog-Luna: 47.609148, -122.331003
2026-01-04 22:25:16,123 [INFO] Simulation: [SIM] Position from Base-Station-1: 47.602578, -122.326065
2026-01-04 22:25:16,124 [INFO] Simulation: [SIM] Position from Team-Lead-1: 47.601315, -122.339490
2026-01-04 22:25:26,124 [INFO] Simulation: [SIM] Position from Dog-Rex: 47.604201, -122.332050
2026-01-04 22:25:26,124 [INFO] Simulation: [SIM] Position from Dog-Luna: 47.609198, -122.331877
2026-01-04 22:25:26,125 [INFO] Simulation: [SIM] Position from Base-Station-1: 47.602575, -122.326057
2026-01-04 22:25:26,125 [INFO] Simulation: [SIM] Position from Team-Lead-1: 47.601182, -122.339550
2026-01-04 22:25:36,125 [INFO] Simulation: [SIM] Position from Dog-Rex: 47.604206, -122.332250
2026-01-04 22:25:36,126 [INFO] Simulation: [SIM] Position from Dog-Luna: 47.609181, -122.332771
2026-01-04 22:25:36,126 [INFO] Simulation: [SIM] Position from Base-Station-1: 47.602571, -122.326048
2026-01-04 22:25:36,127 [INFO] Simulation: [SIM] Position from Team-Lead-1: 47.601371, -122.339507
2026-01-04 22:25:46,127 [INFO] Simulation: [SIM] Position from Dog-Rex: 47.604231, -122.332449
2026-01-04 22:25:46,127 [INFO] Simulation: [SIM] Position from Dog-Luna: 47.609097, -122.333605
2026-01-04 22:25:46,128 [INFO] Simulation: [SIM] Position from Base-Station-1: 47.602563, -122.326057
2026-01-04 22:25:46,128 [INFO] Simulation: [SIM] Position from Team-Lead-1: 47.601206, -122.339455
2026-01-04 22:25:56,128 [INFO] Simulation: [SIM] Position from Dog-Rex: 47.604275, -122.332644
2026-01-04 22:25:56,129 [INFO] Simulation: [SIM] Position from Dog-Luna: 47.608948, -122.334305
2026-01-04 22:25:56,129 [INFO] Simulation: [SIM] Position from Base-Station-1: 47.602554, -122.326052
2026-01-04 22:25:56,129 [INFO] Simulation: [SIM] Position from Team-Lead-1: 47.601191, -122.339488
2026-01-04 22:26:06,130 [INFO] Simulation: [SIM] Position from Dog-Rex: 47.604339, -122.332833
2026-01-04 22:26:06,130 [INFO] Simulation: [SIM] Position from Dog-Luna: 47.608737, -122.334808
2026-01-04 22:26:06,130 [INFO] Simulation: [SIM] Position from Base-Station-1: 47.602557, -122.326053
2026-01-04 22:26:06,131 [INFO] Simulation: [SIM] Position from Team-Lead-1: 47.601313, -122.339373
2026-01-04 22:26:16,131 [INFO] Simulation: [SIM] Position from Dog-Rex: 47.604422, -122.333015
2026-01-04 22:26:16,132 [INFO] Simulation: [SIM] Position from Dog-Luna: 47.608470, -122.335068
2026-01-04 22:26:16,132 [INFO] Simulation: [SIM] Position from Base-Station-1: 47.602555, -122.326045
2026-01-04 22:26:16,133 [INFO] Simulation: [SIM] Position from Team-Lead-1: 47.601373, -122.339401
2026-01-04 22:26:26,134 [INFO] Simulation: [SIM] Position from Dog-Rex: 47.604522, -122.333188
2026-01-04 22:26:26,134 [INFO] Simulation: [SIM] Position from Dog-Luna: 47.608151, -122.335064
2026-01-04 22:26:26,134 [INFO] Simulation: [SIM] Position from Base-Station-1: 47.602562, -122.326052
2026-01-04 22:26:26,135 [INFO] Simulation: [SIM] Position from Team-Lead-1: 47.601477, -122.339351
2026-01-04 22:26:36,135 [INFO] Simulation: [SIM] Position from Dog-Rex: 47.604639, -122.333350
2026-01-04 22:26:36,136 [INFO] Simulation: [SIM] Position from Dog-Luna: 47.607788, -122.334795
2026-01-04 22:26:36,136 [INFO] Simulation: [SIM] Position from Base-Station-1: 47.602567, -122.326055
2026-01-04 22:26:36,136 [INFO] Simulation: [SIM] Position from Team-Lead-1: 47.601307, -122.339444
2026-01-04 22:26:46,136 [INFO] Simulation: [SIM] Position from Dog-Rex: 47.604771, -122.333500
2026-01-04 22:26:46,137 [INFO] Simulation: [SIM] Position from Dog-Luna: 47.607390, -122.334285
2026-01-04 22:26:46,137 [INFO] Simulation: [SIM] Position from Base-Station-1: 47.602565, -122.326058
2026-01-04 22:26:46,138 [INFO] Simulation: [SIM] Position from Team-Lead-1: 47.601239, -122.339618
2026-01-04 22:26:56,139 [INFO] Simulation: [SIM] Position from Dog-Rex: 47.604918, -122.333635
2026-01-04 22:26:56,139 [INFO] Simulation: [SIM] Position from Dog-Luna: 47.606965, -122.333580
2026-01-04 22:26:56,140 [INFO] Simulation: [SIM] Position from Base-Station-1: 47.602558, -122.326051
2026-01-04 22:26:56,140 [INFO] Simulation: [SIM] Position from Team-Lead-1: 47.601093, -122.339649
2026-01-04 22:27:06,140 [INFO] Simulation: [SIM] Position from Dog-Rex: 47.605078, -122.333756
2026-01-04 22:27:06,141 [INFO] Simulation: [SIM] Position from Dog-Luna: 47.606523, -122.332743
2026-01-04 22:27:06,141 [INFO] Simulation: [SIM] Position from Base-Station-1: 47.602565, -122.326057
2026-01-04 22:27:06,141 [INFO] Simulation: [SIM] Position from Team-Lead-1: 47.601021, -122.339564
2026-01-04 22:27:16,142 [INFO] Simulation: [SIM] Position from Dog-Rex: 47.605249, -122.333859
2026-01-04 22:27:16,142 [INFO] Simulation: [SIM] Position from Dog-Luna: 47.606074, -122.331848
2026-01-04 22:27:16,143 [INFO] Simulation: [SIM] Position from Base-Station-1: 47.602556, -122.326052
2026-01-04 22:27:16,144 [INFO] Simulation: [SIM] Position from Team-Lead-1: 47.601208, -122.339544
2026-01-04 22:27:26,144 [INFO] Simulation: [SIM] Position from Dog-Rex: 47.605429, -122.333946
2026-01-04 22:27:26,145 [INFO] Simulation: [SIM] Position from Dog-Luna: 47.605627, -122.330976
2026-01-04 22:27:26,145 [INFO] Simulation: [SIM] Position from Base-Station-1: 47.602562, -122.326042
2026-01-04 22:27:26,145 [INFO] Simulation: [SIM] Position from Team-Lead-1: 47.601046, -122.339582
2026-01-04 22:27:36,146 [INFO] Simulation: [SIM] Position from Dog-Rex: 47.605617, -122.334013
2026-01-04 22:27:36,146 [INFO] Simulation: [SIM] Position from Dog-Luna: 47.605194, -122.330204
2026-01-04 22:27:36,146 [INFO] Simulation: [SIM] Position from Base-Station-1: 47.602571, -122.326041
2026-01-04 22:27:36,147 [INFO] Simulation: [SIM] Position from Team-Lead-1: 47.600870, -122.339489
2026-01-04 22:27:46,147 [INFO] Simulation: [SIM] Position from Dog-Rex: 47.605811, -122.334062
2026-01-04 22:27:46,147 [INFO] Simulation: [SIM] Position from Dog-Luna: 47.604783, -122.329602
2026-01-04 22:27:46,148 [INFO] Simulation: [SIM] Position from Base-Station-1: 47.602580, -122.326042
2026-01-04 22:27:46,148 [INFO] Simulation: [SIM] Position from Team-Lead-1: 47.601064, -122.339294
2026-01-04 22:27:56,149 [INFO] Simulation: [SIM] Position from Dog-Rex: 47.606009, -122.334091
2026-01-04 22:27:56,149 [INFO] Simulation: [SIM] Position from Dog-Luna: 47.604404, -122.329222
2026-01-04 22:27:56,149 [INFO] Simulation: [SIM] Position from Base-Station-1: 47.602588, -122.326044
2026-01-04 22:27:56,150 [INFO] Simulation: [SIM] Position from Team-Lead-1: 47.600931, -122.339213
2026-01-04 22:28:06,150 [INFO] Simulation: [SIM] Position from Dog-Rex: 47.606209, -122.334100
2026-01-04 22:28:06,151 [INFO] Simulation: [SIM] Position from Dog-Luna: 47.604065, -122.329100
2026-01-04 22:28:06,151 [INFO] Simulation: [SIM] Position from Base-Station-1: 47.602596, -122.326044
2026-01-04 22:28:06,151 [INFO] Simulation: [SIM] Position from Team-Lead-1: 47.600813, -122.339033
2026-01-04 22:28:16,152 [INFO] Simulation: [SIM] Position from Dog-Rex: 47.606408, -122.334089
2026-01-04 22:28:16,152 [INFO] Simulation: [SIM] Position from Dog-Luna: 47.603774, -122.329246
2026-01-04 22:28:16,153 [INFO] Simulation: [SIM] Position from Base-Station-1: 47.602588, -122.326035
2026-01-04 22:28:16,153 [INFO] Simulation: [SIM] Position from Team-Lead-1: 47.600950, -122.338911
2026-01-04 22:28:26,153 [INFO] Simulation: [SIM] Position from Dog-Rex: 47.606606, -122.334058
2026-01-04 22:28:26,154 [INFO] Simulation: [SIM] Position from Dog-Luna: 47.603537, -122.329647
2026-01-04 22:28:26,154 [INFO] Simulation: [SIM] Position from Base-Station-1: 47.602597, -122.326043
2026-01-04 22:28:26,154 [INFO] Simulation: [SIM] Position from Team-Lead-1: 47.600834, -122.338840
2026-01-04 22:28:36,154 [INFO] Simulation: [SIM] Position from Dog-Rex: 47.606799, -122.334008
2026-01-04 22:28:36,155 [INFO] Simulation: [SIM] Position from Dog-Luna: 47.603361, -122.330267
2026-01-04 22:28:36,155 [INFO] Simulation: [SIM] Position from Base-Station-1: 47.602592, -122.326051
2026-01-04 22:28:36,155 [INFO] Simulation: [SIM] Position from Team-Lead-1: 47.600792, -122.338683
2026-01-04 22:28:46,156 [INFO] Simulation: [SIM] Position from Dog-Rex: 47.606987, -122.333939
2026-01-04 22:28:46,156 [INFO] Simulation: [SIM] Position from Dog-Luna: 47.603248, -122.331050
2026-01-04 22:28:46,156 [INFO] Simulation: [SIM] Position from Base-Station-1: 47.602583, -122.326042
2026-01-04 22:28:46,157 [INFO] Simulation: [SIM] Position from Team-Lead-1: 47.600700, -122.338526
2026-01-04 22:28:56,157 [INFO] Simulation: [SIM] Position from Dog-Rex: 47.607167, -122.333851
2026-01-04 22:28:56,158 [INFO] Simulation: [SIM] Position from Dog-Luna: 47.603201, -122.331928
2026-01-04 22:28:56,158 [INFO] Simulation: [SIM] Position from Base-Station-1: 47.602582, -122.326043
2026-01-04 22:28:56,158 [INFO] Simulation: [SIM] Position from Team-Lead-1: 47.600721, -122.338361
2026-01-04 22:29:06,158 [INFO] Simulation: [SIM] Position from Dog-Rex: 47.607337, -122.333746
2026-01-04 22:29:06,159 [INFO] Simulation: [SIM] Position from Dog-Luna: 47.603222, -122.332820
2026-01-04 22:29:06,159 [INFO] Simulation: [SIM] Position from Base-Station-1: 47.602580, -122.326038
2026-01-04 22:29:06,160 [INFO] Simulation: [SIM] Position from Team-Lead-1: 47.600539, -122.338178
2026-01-04 22:29:16,160 [INFO] Simulation: [SIM] Position from Dog-Rex: 47.607495, -122.333624
2026-01-04 22:29:16,160 [INFO] Simulation: [SIM] Position from Dog-Luna: 47.603310, -122.333649
2026-01-04 22:29:16,161 [INFO] Simulation: [SIM] Position from Base-Station-1: 47.602585, -122.326039
2026-01-04 22:29:16,161 [INFO] Simulation: [SIM] Position from Team-Lead-1: 47.600704, -122.337984
2026-01-04 22:29:26,161 [INFO] Simulation: [SIM] Position from Dog-Rex: 47.607641, -122.333487
2026-01-04 22:29:26,162 [INFO] Simulation: [SIM] Position from Dog-Luna: 47.603462, -122.334339
2026-01-04 22:29:26,162 [INFO] Simulation: [SIM] Position from Base-Station-1: 47.602580, -122.326047
2026-01-04 22:29:26,162 [INFO] Simulation: [SIM] Position from Team-Lead-1: 47.600813, -122.338131
2026-01-04 22:29:36,162 [INFO] Simulation: [SIM] Position from Dog-Rex: 47.607772, -122.333336
2026-01-04 22:29:36,163 [INFO] Simulation: [SIM] Position from Dog-Luna: 47.603676, -122.334829
2026-01-04 22:29:36,163 [INFO] Simulation: [SIM] Position from Base-Station-1: 47.602580, -122.326046
2026-01-04 22:29:36,163 [INFO] Simulation: [SIM] Position from Team-Lead-1: 47.600720, -122.338207
2026-01-04 22:29:46,164 [INFO] Simulation: [SIM] Position from Dog-Rex: 47.607888, -122.333173
2026-01-04 22:29:46,164 [INFO] Simulation: [SIM] Position from Dog-Luna: 47.603947, -122.335075
2026-01-04 22:29:46,165 [INFO] Simulation: [SIM] Position from Base-Station-1: 47.602584, -122.326040
2026-01-04 22:29:46,165 [INFO] Simulation: [SIM] Position from Team-Lead-1: 47.600661, -122.338185
2026-01-04 22:29:56,165 [INFO] Simulation: [SIM] Position from Dog-Rex: 47.607986, -122.332999
2026-01-04 22:29:56,166 [INFO] Simulation: [SIM] Position from Dog-Luna: 47.604268, -122.335056
2026-01-04 22:29:56,166 [INFO] Simulation: [SIM] Position from Base-Station-1: 47.602583, -122.326050
2026-01-04 22:29:56,166 [INFO] Simulation: [SIM] Position from Team-Lead-1: 47.600733, -122.338125
2026-01-04 22:30:06,167 [INFO] Simulation: [SIM] Position from Dog-Rex: 47.608067, -122.332816
2026-01-04 22:30:06,167 [INFO] Simulation: [SIM] Position from Dog-Luna: 47.604633, -122.334772
2026-01-04 22:30:06,167 [INFO] Simulation: [SIM] Position from Base-Station-1: 47.602579, -122.326041
2026-01-04 22:30:06,168 [INFO] Simulation: [SIM] Position from Team-Lead-1: 47.600713, -122.338001
2026-01-04 22:30:16,168 [INFO] Simulation: [SIM] Position from Dog-Rex: 47.608129, -122.332626
2026-01-04 22:30:16,169 [INFO] Simulation: [SIM] Position from Dog-Luna: 47.605033, -122.334250
2026-01-04 22:30:16,169 [INFO] Simulation: [SIM] Position from Base-Station-1: 47.602589, -122.326043
2026-01-04 22:30:16,170 [INFO] Simulation: [SIM] Position from Team-Lead-1: 47.600547, -122.337932
2026-01-04 22:30:26,170 [INFO] Simulation: [SIM] Position from Dog-Rex: 47.608172, -122.332431
2026-01-04 22:30:26,171 [INFO] Simulation: [SIM] Position from Dog-Luna: 47.605459, -122.333536
2026-01-04 22:30:26,171 [INFO] Simulation: [SIM] Position from Base-Station-1: 47.602597, -122.326044
2026-01-04 22:30:26,171 [INFO] Simulation: [SIM] Position from Team-Lead-1: 47.600505, -122.337876
2026-01-04 22:30:36,172 [INFO] Simulation: [SIM] Position from Dog-Rex: 47.608196, -122.332233
2026-01-04 22:30:36,172 [INFO] Simulation: [SIM] Position from Dog-Luna: 47.605902, -122.332693
2026-01-04 22:30:36,172 [INFO] Simulation: [SIM] Position from Base-Station-1: 47.602598, -122.326041
2026-01-04 22:30:36,173 [INFO] Simulation: [SIM] Position from Team-Lead-1: 47.600443, -122.337920
2026-01-04 22:30:46,173 [INFO] Simulation: [SIM] Position from Dog-Rex: 47.608199, -122.332033
2026-01-04 22:30:46,174 [INFO] Simulation: [SIM] Position from Dog-Luna: 47.606351, -122.331798
2026-01-04 22:30:46,174 [INFO] Simulation: [SIM] Position from Base-Station-1: 47.602596, -122.326032
2026-01-04 22:30:46,175 [INFO] Simulation: [SIM] Position from Team-Lead-1: 47.600436, -122.337878
2026-01-04 22:30:56,175 [INFO] Simulation: [SIM] Position from Dog-Rex: 47.608182, -122.331834
2026-01-04 22:30:56,176 [INFO] Simulation: [SIM] Position from Dog-Luna: 47.606797, -122.330929
2026-01-04 22:30:56,176 [INFO] Simulation: [SIM] Position from Base-Station-1: 47.602605, -122.326033
2026-01-04 22:30:56,176 [INFO] Simulation: [SIM] Position from Team-Lead-1: 47.600300, -122.337696
2026-01-04 22:31:06,176 [INFO] Simulation: [SIM] Position from Dog-Rex: 47.608146, -122.331637
2026-01-04 22:31:06,177 [INFO] Simulation: [SIM] Position from Dog-Luna: 47.607230, -122.330165
2026-01-04 22:31:06,177 [INFO] Simulation: [SIM] Position from Base-Station-1: 47.602605, -122.326023
2026-01-04 22:31:06,177 [INFO] Simulation: [SIM] Position from Team-Lead-1: 47.600195, -122.337678
2026-01-04 22:31:16,178 [INFO] Simulation: [SIM] Position from Dog-Rex: 47.608090, -122.331445
2026-01-04 22:31:16,178 [INFO] Simulation: [SIM] Position from Dog-Luna: 47.607639, -122.329574
2026-01-04 22:31:16,179 [INFO] Simulation: [SIM] Position from Base-Station-1: 47.602597, -122.326026
2026-01-04 22:31:16,179 [INFO] Simulation: [SIM] Position from Team-Lead-1: 47.600112, -122.337801
2026-01-04 22:31:26,179 [INFO] Simulation: [SIM] Position from Dog-Rex: 47.608015, -122.331260
2026-01-04 22:31:26,180 [INFO] Simulation: [SIM] Position from Dog-Luna: 47.608017, -122.329209
2026-01-04 22:31:26,180 [INFO] Simulation: [SIM] Position from Base-Station-1: 47.602605, -122.326020
2026-01-04 22:31:26,180 [INFO] Simulation: [SIM] Position from Team-Lead-1: 47.600262, -122.337990
2026-01-04 22:31:36,181 [INFO] Simulation: [SIM] Position from Dog-Rex: 47.607922, -122.331083
2026-01-04 22:31:36,181 [INFO] Simulation: [SIM] Position from Dog-Luna: 47.608353, -122.329101
2026-01-04 22:31:36,181 [INFO] Simulation: [SIM] Position from Base-Station-1: 47.602605, -122.326020
2026-01-04 22:31:36,182 [INFO] Simulation: [SIM] Position from Team-Lead-1: 47.600105, -122.338120
2026-01-04 22:31:46,182 [INFO] Simulation: [SIM] Position from Dog-Rex: 47.607812, -122.330916
2026-01-04 22:31:46,183 [INFO] Simulation: [SIM] Position from Dog-Luna: 47.608641, -122.329262
2026-01-04 22:31:46,183 [INFO] Simulation: [SIM] Position from Base-Station-1: 47.602598, -122.326021
2026-01-04 22:31:46,183 [INFO] Simulation: [SIM] Position from Team-Lead-1: 47.600281, -122.338037
2026-01-04 22:31:56,184 [INFO] Simulation: [SIM] Position from Dog-Rex: 47.607685, -122.330761
2026-01-04 22:31:56,184 [INFO] Simulation: [SIM] Position from Dog-Luna: 47.608874, -122.329676
2026-01-04 22:31:56,184 [INFO] Simulation: [SIM] Position from Base-Station-1: 47.602594, -122.326013
2026-01-04 22:31:56,185 [INFO] Simulation: [SIM] Position from Team-Lead-1: 47.600472, -122.338198
2026-01-04 22:32:06,185 [INFO] Simulation: [SIM] Position from Dog-Rex: 47.607544, -122.330619
2026-01-04 22:32:06,185 [INFO] Simulation: [SIM] Position from Dog-Luna: 47.609047, -122.330307
2026-01-04 22:32:06,186 [INFO] Simulation: [SIM] Position from Base-Station-1: 47.602593, -122.326015
2026-01-04 22:32:06,186 [INFO] Simulation: [SIM] Position from Team-Lead-1: 47.600640, -122.338304
2026-01-04 22:32:16,187 [INFO] Simulation: [SIM] Position from Dog-Rex: 47.607390, -122.330492
2026-01-04 22:32:16,187 [INFO] Simulation: [SIM] Position from Dog-Luna: 47.609157, -122.331098
2026-01-04 22:32:16,187 [INFO] Simulation: [SIM] Position from Base-Station-1: 47.602598, -122.326017
2026-01-04 22:32:16,188 [INFO] Simulation: [SIM] Position from Team-Lead-1: 47.600548, -122.338121
2026-01-04 22:32:26,188 [INFO] Simulation: [SIM] Position from Dog-Rex: 47.607223, -122.330382
2026-01-04 22:32:26,188 [INFO] Simulation: [SIM] Position from Dog-Luna: 47.609199, -122.331978
2026-01-04 22:32:26,189 [INFO] Simulation: [SIM] Position from Base-Station-1: 47.602592, -122.326012
2026-01-04 22:32:26,189 [INFO] Simulation: [SIM] Position from Team-Lead-1: 47.600473, -122.338091
2026-01-04 22:32:36,189 [INFO] Simulation: [SIM] Position from Dog-Rex: 47.607047, -122.330288
2026-01-04 22:32:36,190 [INFO] Simulation: [SIM] Position from Dog-Luna: 47.609175, -122.332869
2026-01-04 22:32:36,190 [INFO] Simulation: [SIM] Position from Base-Station-1: 47.602598, -122.326016
2026-01-04 22:32:36,191 [INFO] Simulation: [SIM] Position from Team-Lead-1: 47.600626, -122.338115
2026-01-04 22:32:46,191 [INFO] Simulation: [SIM] Position from Dog-Rex: 47.606862, -122.330213
2026-01-04 22:32:46,191 [INFO] Simulation: [SIM] Position from Dog-Luna: 47.609083, -122.333692
2026-01-04 22:32:46,192 [INFO] Simulation: [SIM] Position from Base-Station-1: 47.602594, -122.326014
2026-01-04 22:32:46,192 [INFO] Simulation: [SIM] Position from Team-Lead-1: 47.600440, -122.337928
2026-01-04 22:32:56,193 [INFO] Simulation: [SIM] Position from Dog-Rex: 47.606670, -122.330156
2026-01-04 22:32:56,193 [INFO] Simulation: [SIM] Position from Dog-Luna: 47.608927, -122.334372
2026-01-04 22:32:56,193 [INFO] Simulation: [SIM] Position from Base-Station-1: 47.602594, -122.326013
2026-01-04 22:32:56,193 [INFO] Simulation: [SIM] Position from Team-Lead-1: 47.600472, -122.338051
2026-01-04 22:33:06,194 [INFO] Simulation: [SIM] Position from Dog-Rex: 47.606473, -122.330119
2026-01-04 22:33:06,194 [INFO] Simulation: [SIM] Position from Dog-Luna: 47.608710, -122.334850
2026-01-04 22:33:06,195 [INFO] Simulation: [SIM] Position from Base-Station-1: 47.602597, -122.326009
2026-01-04 22:33:06,195 [INFO] Simulation: [SIM] Position from Team-Lead-1: 47.600595, -122.338001
2026-01-04 22:33:16,195 [INFO] Simulation: [SIM] Position from Dog-Rex: 47.606274, -122.330101
2026-01-04 22:33:16,196 [INFO] Simulation: [SIM] Position from Dog-Luna: 47.608436, -122.335081
2026-01-04 22:33:16,196 [INFO] Simulation: [SIM] Position from Base-Station-1: 47.602588, -122.326009
2026-01-04 22:33:16,197 [INFO] Simulation: [SIM] Position from Team-Lead-1: 47.600702, -122.337967
2026-01-04 22:33:26,197 [INFO] Simulation: [SIM] Position from Dog-Rex: 47.606074, -122.330104
2026-01-04 22:33:26,197 [INFO] Simulation: [SIM] Position from Dog-Luna: 47.608112, -122.335047
2026-01-04 22:33:26,198 [INFO] Simulation: [SIM] Position from Base-Station-1: 47.602578, -122.326017
2026-01-04 22:33:26,198 [INFO] Simulation: [SIM] Position from Team-Lead-1: 47.600788, -122.337785
2026-01-04 22:33:36,198 [INFO] Simulation: [SIM] Position from Dog-Rex: 47.605876, -122.330126
2026-01-04 22:33:36,198 [INFO] Simulation: [SIM] Position from Dog-Luna: 47.607745, -122.334749
2026-01-04 22:33:36,199 [INFO] Simulation: [SIM] Position from Base-Station-1: 47.602570, -122.326021
2026-01-04 22:33:36,199 [INFO] Simulation: [SIM] Position from Team-Lead-1: 47.600901, -122.337624
2026-01-04 22:33:46,199 [INFO] Simulation: [SIM] Position from Dog-Rex: 47.605680, -122.330169
2026-01-04 22:33:46,200 [INFO] Simulation: [SIM] Position from Dog-Luna: 47.607344, -122.334215
2026-01-04 22:33:46,200 [INFO] Simulation: [SIM] Position from Base-Station-1: 47.602562, -122.326023
2026-01-04 22:33:46,201 [INFO] Simulation: [SIM] Position from Team-Lead-1: 47.600757, -122.337626
2026-01-04 22:33:56,201 [INFO] Simulation: [SIM] Position from Dog-Rex: 47.605490, -122.330230
2026-01-04 22:33:56,202 [INFO] Simulation: [SIM] Position from Dog-Luna: 47.606916, -122.333491
2026-01-04 22:33:56,202 [INFO] Simulation: [SIM] Position from Base-Station-1: 47.602555, -122.326028
2026-01-04 22:33:56,202 [INFO] Simulation: [SIM] Position from Team-Lead-1: 47.600654, -122.337656
2026-01-04 22:34:06,203 [INFO] Simulation: [SIM] Position from Dog-Rex: 47.605307, -122.330310
2026-01-04 22:34:06,203 [INFO] Simulation: [SIM] Position from Dog-Luna: 47.606473, -122.332644
2026-01-04 22:34:06,204 [INFO] Simulation: [SIM] Position from Base-Station-1: 47.602564, -122.326026
2026-01-04 22:34:06,204 [INFO] Simulation: [SIM] Position from Team-Lead-1: 47.600589, -122.337586
2026-01-04 22:34:16,204 [INFO] Simulation: [SIM] Position from Dog-Rex: 47.605133, -122.330409
2026-01-04 22:34:16,205 [INFO] Simulation: [SIM] Position from Dog-Luna: 47.606024, -122.331748
2026-01-04 22:34:16,205 [INFO] Simulation: [SIM] Position from Base-Station-1: 47.602566, -122.326023
2026-01-04 22:34:16,205 [INFO] Simulation: [SIM] Position from Team-Lead-1: 47.600538, -122.337697
2026-01-04 22:34:26,206 [INFO] Simulation: [SIM] Position from Dog-Rex: 47.604969, -122.330523
2026-01-04 22:34:26,206 [INFO] Simulation: [SIM] Position from Dog-Luna: 47.605578, -122.330883
2026-01-04 22:34:26,207 [INFO] Simulation: [SIM] Position from Base-Station-1: 47.602574, -122.326017
2026-01-04 22:34:26,207 [INFO] Simulation: [SIM] Position from Team-Lead-1: 47.600615, -122.337854
2026-01-04 22:34:36,207 [INFO] Simulation: [SIM] Position from Dog-Rex: 47.604818, -122.330654
2026-01-04 22:34:36,208 [INFO] Simulation: [SIM] Position from Dog-Luna: 47.605146, -122.330127
2026-01-04 22:34:36,208 [INFO] Simulation: [SIM] Position from Base-Station-1: 47.602570, -122.326017
2026-01-04 22:34:36,208 [INFO] Simulation: [SIM] Position from Team-Lead-1: 47.600456, -122.337981
2026-01-04 22:34:46,209 [INFO] Simulation: [SIM] Position from Dog-Rex: 47.604681, -122.330799
2026-01-04 22:34:46,209 [INFO] Simulation: [SIM] Position from Dog-Luna: 47.604738, -122.329547
2026-01-04 22:34:46,210 [INFO] Simulation: [SIM] Position from Base-Station-1: 47.602569, -122.326008
2026-01-04 22:34:46,210 [INFO] Simulation: [SIM] Position from Team-Lead-1: 47.600347, -122.337965
2026-01-04 22:34:56,210 [INFO] Simulation: [SIM] Position from Dog-Rex: 47.604558, -122.330958
2026-01-04 22:34:56,211 [INFO] Simulation: [SIM] Position from Dog-Luna: 47.604363, -122.329196
2026-01-04 22:34:56,211 [INFO] Simulation: [SIM] Position from Base-Station-1: 47.602564, -122.326005
2026-01-04 22:34:56,212 [INFO] Simulation: [SIM] Position from Team-Lead-1: 47.600524, -122.337797
2026-01-04 22:35:06,212 [INFO] Simulation: [SIM] Position from Dog-Rex: 47.604453, -122.331127
2026-01-04 22:35:06,212 [INFO] Simulation: [SIM] Position from Dog-Luna: 47.604030, -122.329103
2026-01-04 22:35:06,213 [INFO] Simulation: [SIM] Position from Base-Station-1: 47.602557, -122.326003
2026-01-04 22:35:06,213 [INFO] Simulation: [SIM] Position from Team-Lead-1: 47.600600, -122.337819
2026-01-04 22:35:16,214 [INFO] Simulation: [SIM] Position from Dog-Rex: 47.604364, -122.331307
2026-01-04 22:35:16,214 [INFO] Simulation: [SIM] Position from Dog-Luna: 47.603744, -122.329279
2026-01-04 22:35:16,215 [INFO] Simulation: [SIM] Position from Base-Station-1: 47.602557, -122.326007
2026-01-04 22:35:16,215 [INFO] Simulation: [SIM] Position from Team-Lead-1: 47.600706, -122.337828
2026-01-04 22:35:26,216 [INFO] Simulation: [SIM] Position from Dog-Rex: 47.604294, -122.331494
2026-01-04 22:35:26,216 [INFO] Simulation: [SIM] Position from Dog-Luna: 47.603514, -122.329706
2026-01-04 22:35:26,216 [INFO] Simulation: [SIM] Position from Base-Station-1: 47.602560, -122.326010
2026-01-04 22:35:26,217 [INFO] Simulation: [SIM] Position from Team-Lead-1: 47.600511, -122.337895
2026-01-04 22:35:36,218 [INFO] Simulation: [SIM] Position from Dog-Rex: 47.604243, -122.331687
2026-01-04 22:35:36,218 [INFO] Simulation: [SIM] Position from Dog-Luna: 47.603345, -122.330347
2026-01-04 22:35:36,218 [INFO] Simulation: [SIM] Position from Base-Station-1: 47.602569, -122.326007
2026-01-04 22:35:36,218 [INFO] Simulation: [SIM] Position from Team-Lead-1: 47.600565, -122.337740
2026-01-04 22:35:46,219 [INFO] Simulation: [SIM] Position from Dog-Rex: 47.604212, -122.331884
2026-01-04 22:35:46,220 [INFO] Simulation: [SIM] Position from Dog-Luna: 47.603239, -122.331145
2026-01-04 22:35:46,220 [INFO] Simulation: [SIM] Position from Base-Station-1: 47.602559, -122.326006
2026-01-04 22:35:46,220 [INFO] Simulation: [SIM] Position from Team-Lead-1: 47.600441, -122.337867
2026-01-04 22:35:56,221 [INFO] Simulation: [SIM] Position from Dog-Rex: 47.604200, -122.332084
2026-01-04 22:35:56,222 [INFO] Simulation: [SIM] Position from Dog-Luna: 47.603200, -122.332028
2026-01-04 22:35:56,222 [INFO] Simulation: [SIM] Position from Base-Station-1: 47.602565, -122.326003
2026-01-04 22:35:56,222 [INFO] Simulation: [SIM] Position from Team-Lead-1: 47.600540, -122.337818
2026-01-04 22:36:06,223 [INFO] Simulation: [SIM] Position from Dog-Rex: 47.604208, -122.332284
2026-01-04 22:36:06,223 [INFO] Simulation: [SIM] Position from Dog-Luna: 47.603229, -122.332918
2026-01-04 22:36:06,223 [INFO] Simulation: [SIM] Position from Base-Station-1: 47.602568, -122.325998
2026-01-04 22:36:06,224 [INFO] Simulation: [SIM] Position from Team-Lead-1: 47.600559, -122.337714
2026-01-04 22:36:16,224 [INFO] Simulation: [SIM] Position from Dog-Rex: 47.604237, -122.332482
2026-01-04 22:36:16,225 [INFO] Simulation: [SIM] Position from Dog-Luna: 47.603324, -122.333734
2026-01-04 22:36:16,225 [INFO] Simulation: [SIM] Position from Base-Station-1: 47.602568, -122.325993
2026-01-04 22:36:16,225 [INFO] Simulation: [SIM] Position from Team-Lead-1: 47.600647, -122.337658
2026-01-04 22:36:26,226 [INFO] Simulation: [SIM] Position from Dog-Rex: 47.604285, -122.332676
2026-01-04 22:36:26,227 [INFO] Simulation: [SIM] Position from Dog-Luna: 47.603483, -122.334405
2026-01-04 22:36:26,227 [INFO] Simulation: [SIM] Position from Base-Station-1: 47.602560, -122.325985
2026-01-04 22:36:26,227 [INFO] Simulation: [SIM] Position from Team-Lead-1: 47.600541, -122.337695
2026-01-04 22:36:36,228 [INFO] Simulation: [SIM] Position from Dog-Rex: 47.604352, -122.332864
2026-01-04 22:36:36,228 [INFO] Simulation: [SIM] Position from Dog-Luna: 47.603704, -122.334869
2026-01-04 22:36:36,229 [INFO] Simulation: [SIM] Position from Base-Station-1: 47.602560, -122.325982
2026-01-04 22:36:36,229 [INFO] Simulation: [SIM] Position from Team-Lead-1: 47.600470, -122.337681
2026-01-04 22:36:46,229 [INFO] Simulation: [SIM] Position from Dog-Rex: 47.604437, -122.333045
2026-01-04 22:36:46,230 [INFO] Simulation: [SIM] Position from Dog-Luna: 47.603981, -122.335087
2026-01-04 22:36:46,230 [INFO] Simulation: [SIM] Position from Base-Station-1: 47.602566, -122.325980
2026-01-04 22:36:46,231 [INFO] Simulation: [SIM] Position from Team-Lead-1: 47.600336, -122.337735
2026-01-04 22:36:56,231 [INFO] Simulation: [SIM] Position from Dog-Rex: 47.604540, -122.333216
2026-01-04 22:36:56,232 [INFO] Simulation: [SIM] Position from Dog-Luna: 47.604307, -122.335037
2026-01-04 22:36:56,232 [INFO] Simulation: [SIM] Position from Base-Station-1: 47.602570, -122.325986
2026-01-04 22:36:56,232 [INFO] Simulation: [SIM] Position from Team-Lead-1: 47.600497, -122.337677
2026-01-04 22:37:06,233 [INFO] Simulation: [SIM] Position from Dog-Rex: 47.604660, -122.333376
2026-01-04 22:37:06,233 [INFO] Simulation: [SIM] Position from Dog-Luna: 47.604676, -122.334725
2026-01-04 22:37:06,233 [INFO] Simulation: [SIM] Position from Base-Station-1: 47.602563, -122.325996
2026-01-04 22:37:06,234 [INFO] Simulation: [SIM] Position from Team-Lead-1: 47.600500, -122.337830
2026-01-04 22:37:16,234 [INFO] Simulation: [SIM] Position from Dog-Rex: 47.604795, -122.333524
2026-01-04 22:37:16,235 [INFO] Simulation: [SIM] Position from Dog-Luna: 47.605080, -122.334179
2026-01-04 22:37:16,235 [INFO] Simulation: [SIM] Position from Base-Station-1: 47.602559, -122.325991
2026-01-04 22:37:16,235 [INFO] Simulation: [SIM] Position from Team-Lead-1: 47.600375, -122.337639
2026-01-04 22:37:26,236 [INFO] Simulation: [SIM] Position from Dog-Rex: 47.604944, -122.333657
2026-01-04 22:37:26,236 [INFO] Simulation: [SIM] Position from Dog-Luna: 47.605508, -122.333447
2026-01-04 22:37:26,236 [INFO] Simulation: [SIM] Position from Base-Station-1: 47.602566, -122.325995
2026-01-04 22:37:26,237 [INFO] Simulation: [SIM] Position from Team-Lead-1: 47.600534, -122.337658
2026-01-04 22:37:36,237 [INFO] Simulation: [SIM] Position from Dog-Rex: 47.605106, -122.333774
2026-01-04 22:37:36,238 [INFO] Simulation: [SIM] Position from Dog-Luna: 47.605952, -122.332594
2026-01-04 22:37:36,238 [INFO] Simulation: [SIM] Position from Base-Station-1: 47.602557, -122.325986
2026-01-04 22:37:36,238 [INFO] Simulation: [SIM] Position from Team-Lead-1: 47.600666, -122.337561
2026-01-04 22:37:46,239 [INFO] Simulation: [SIM] Position from Dog-Rex: 47.605279, -122.333875
2026-01-04 22:37:46,239 [INFO] Simulation: [SIM] Position from Dog-Luna: 47.606402, -122.331698
2026-01-04 22:37:46,240 [INFO] Simulation: [SIM] Position from Base-Station-1: 47.602549, -122.325985
2026-01-04 22:37:46,240 [INFO] Simulation: [SIM] Position from Team-Lead-1: 47.600818, -122.337620
2026-01-04 22:37:56,240 [INFO] Simulation: [SIM] Position from Dog-Rex: 47.605460, -122.333958
2026-01-04 22:37:56,241 [INFO] Simulation: [SIM] Position from Dog-Luna: 47.606847, -122.330837
2026-01-04 22:37:56,241 [INFO] Simulation: [SIM] Position from Base-Station-1: 47.602550, -122.325988
2026-01-04 22:37:56,241 [INFO] Simulation: [SIM] Position from Team-Lead-1: 47.600690, -122.337515
2026-01-04 22:38:06,242 [INFO] Simulation: [SIM] Position from Dog-Rex: 47.605650, -122.334023
2026-01-04 22:38:06,242 [INFO] Simulation: [SIM] Position from Dog-Luna: 47.607277, -122.330089
2026-01-04 22:38:06,243 [INFO] Simulation: [SIM] Position from Base-Station-1: 47.602549, -122.325991
2026-01-04 22:38:06,243 [INFO] Simulation: [SIM] Position from Team-Lead-1: 47.600538, -122.337386
2026-01-04 22:38:16,244 [INFO] Simulation: [SIM] Position from Dog-Rex: 47.605844, -122.334068
2026-01-04 22:38:16,244 [INFO] Simulation: [SIM] Position from Dog-Luna: 47.607683, -122.329521
2026-01-04 22:38:16,244 [INFO] Simulation: [SIM] Position from Base-Station-1: 47.602554, -122.326001
2026-01-04 22:38:16,245 [INFO] Simulation: [SIM] Position from Team-Lead-1: 47.600679, -122.337508
2026-01-04 22:38:26,245 [INFO] Simulation: [SIM] Position from Dog-Rex: 47.606043, -122.334094
2026-01-04 22:38:26,245 [INFO] Simulation: [SIM] Position from Dog-Luna: 47.608057, -122.329183
2026-01-04 22:38:26,246 [INFO] Simulation: [SIM] Position from Base-Station-1: 47.602556, -122.325996
2026-01-04 22:38:26,246 [INFO] Simulation: [SIM] Position from Team-Lead-1: 47.600593, -122.337440
2026-01-04 22:38:36,247 [INFO] Simulation: [SIM] Position from Dog-Rex: 47.606242, -122.334100
2026-01-04 22:38:36,247 [INFO] Simulation: [SIM] Position from Dog-Luna: 47.608388, -122.329106
2026-01-04 22:38:36,247 [INFO] Simulation: [SIM] Position from Base-Station-1: 47.602564, -122.325997
2026-01-04 22:38:36,248 [INFO] Simulation: [SIM] Position from Team-Lead-1: 47.600629, -122.337279
2026-01-04 22:38:46,248 [INFO] Simulation: [SIM] Position from Dog-Rex: 47.606442, -122.334085
2026-01-04 22:38:46,249 [INFO] Simulation: [SIM] Position from Dog-Luna: 47.608670, -122.329296
2026-01-04 22:38:46,249 [INFO] Simulation: [SIM] Position from Base-Station-1: 47.602570, -122.326003
2026-01-04 22:38:46,250 [INFO] Simulation: [SIM] Position from Team-Lead-1: 47.600596, -122.337162
2026-01-04 22:38:56,250 [INFO] Simulation: [SIM] Position from Dog-Rex: 47.606639, -122.334051
2026-01-04 22:38:56,251 [INFO] Simulation: [SIM] Position from Dog-Luna: 47.608897, -122.329737
2026-01-04 22:38:56,251 [INFO] Simulation: [SIM] Position from Base-Station-1: 47.602566, -122.325998
2026-01-04 22:38:56,251 [INFO] Simulation: [SIM] Position from Team-Lead-1: 47.600705, -122.337064
2026-01-04 22:39:06,251 [INFO] Simulation: [SIM] Position from Dog-Rex: 47.606831, -122.333998
2026-01-04 22:39:06,252 [INFO] Simulation: [SIM] Position from Dog-Luna: 47.609063, -122.330389
2026-01-04 22:39:06,252 [INFO] Simulation: [SIM] Position from Base-Station-1: 47.602575, -122.325993
2026-01-04 22:39:06,253 [INFO] Simulation: [SIM] Position from Team-Lead-1: 47.600782, -122.337238
2026-01-04 22:39:16,253 [INFO] Simulation: [SIM] Position from Dog-Rex: 47.607018, -122.333925
2026-01-04 22:39:16,253 [INFO] Simulation: [SIM] Position from Dog-Luna: 47.609165, -122.331193
2026-01-04 22:39:16,254 [INFO] Simulation: [SIM] Position from Base-Station-1: 47.602572, -122.325996
2026-01-04 22:39:16,254 [INFO] Simulation: [SIM] Position from Team-Lead-1: 47.600837, -122.337258
2026-01-04 22:39:26,255 [INFO] Simulation: [SIM] Position from Dog-Rex: 47.607196, -122.333834
2026-01-04 22:39:26,255 [INFO] Simulation: [SIM] Position from Dog-Luna: 47.609200, -122.332079
2026-01-04 22:39:26,255 [INFO] Simulation: [SIM] Position from Base-Station-1: 47.602566, -122.325995
2026-01-04 22:39:26,256 [INFO] Simulation: [SIM] Position from Team-Lead-1: 47.600854, -122.337100
2026-01-04 22:39:36,256 [INFO] Simulation: [SIM] Position from Dog-Rex: 47.607364, -122.333726
2026-01-04 22:39:36,256 [INFO] Simulation: [SIM] Position from Dog-Luna: 47.609168, -122.332966
2026-01-04 22:39:36,257 [INFO] Simulation: [SIM] Position from Base-Station-1: 47.602565, -122.325997
2026-01-04 22:39:36,257 [INFO] Simulation: [SIM] Position from Team-Lead-1: 47.600800, -122.336934
2026-01-04 22:39:46,258 [INFO] Simulation: [SIM] Position from Dog-Rex: 47.607521, -122.333602
2026-01-04 22:39:46,258 [INFO] Simulation: [SIM] Position from Dog-Luna: 47.609069, -122.333776
2026-01-04 22:39:46,258 [INFO] Simulation: [SIM] Position from Base-Station-1: 47.602562, -122.325997
2026-01-04 22:39:46,259 [INFO] Simulation: [SIM] Position from Team-Lead-1: 47.600887, -122.337043
2026-01-04 22:39:56,260 [INFO] Simulation: [SIM] Position from Dog-Rex: 47.607664, -122.333463
2026-01-04 22:39:56,260 [INFO] Simulation: [SIM] Position from Dog-Luna: 47.608906, -122.334437
2026-01-04 22:39:56,260 [INFO] Simulation: [SIM] Position from Base-Station-1: 47.602570, -122.325988
2026-01-04 22:39:56,260 [INFO] Simulation: [SIM] Position from Team-Lead-1: 47.600995, -122.337200
2026-01-04 22:40:06,261 [INFO] Simulation: [SIM] Position from Dog-Rex: 47.607793, -122.333310
2026-01-04 22:40:06,261 [INFO] Simulation: [SIM] Position from Dog-Luna: 47.608682, -122.334888
2026-01-04 22:40:06,261 [INFO] Simulation: [SIM] Position from Base-Station-1: 47.602578, -122.325992
2026-01-04 22:40:06,262 [INFO] Simulation: [SIM] Position from Team-Lead-1: 47.601000, -122.337100
2026-01-04 22:40:16,262 [INFO] Simulation: [SIM] Position from Dog-Rex: 47.607906, -122.333145
2026-01-04 22:40:16,263 [INFO] Simulation: [SIM] Position from Dog-Luna: 47.608402, -122.335091
2026-01-04 22:40:16,263 [INFO] Simulation: [SIM] Position from Base-Station-1: 47.602581, -122.326000
2026-01-04 22:40:16,263 [INFO] Simulation: [SIM] Position from Team-Lead-1: 47.601059, -122.337177
2026-01-04 22:40:26,264 [INFO] Simulation: [SIM] Position from Dog-Rex: 47.608001, -122.332969
2026-01-04 22:40:26,264 [INFO] Simulation: [SIM] Position from Dog-Luna: 47.608073, -122.335026
2026-01-04 22:40:26,264 [INFO] Simulation: [SIM] Position from Base-Station-1: 47.602589, -122.326000
2026-01-04 22:40:26,265 [INFO] Simulation: [SIM] Position from Team-Lead-1: 47.601054, -122.337203
2026-01-04 22:40:36,265 [INFO] Simulation: [SIM] Position from Dog-Rex: 47.608079, -122.332785
2026-01-04 22:40:36,266 [INFO] Simulation: [SIM] Position from Dog-Luna: 47.607702, -122.334700
2026-01-04 22:40:36,266 [INFO] Simulation: [SIM] Position from Base-Station-1: 47.602581, -122.326001
2026-01-04 22:40:36,267 [INFO] Simulation: [SIM] Position from Team-Lead-1: 47.601054, -122.337070
2026-01-04 22:40:46,267 [INFO] Simulation: [SIM] Position from Dog-Rex: 47.608138, -122.332594
2026-01-04 22:40:46,267 [INFO] Simulation: [SIM] Position from Dog-Luna: 47.607297, -122.334142
2026-01-04 22:40:46,268 [INFO] Simulation: [SIM] Position from Base-Station-1: 47.602587, -122.325998
2026-01-04 22:40:46,268 [INFO] Simulation: [SIM] Position from Team-Lead-1: 47.601125, -122.337169
2026-01-04 22:40:56,269 [INFO] Simulation: [SIM] Position from Dog-Rex: 47.608178, -122.332398
2026-01-04 22:40:56,269 [INFO] Simulation: [SIM] Position from Dog-Luna: 47.606867, -122.333401
2026-01-04 22:40:56,269 [INFO] Simulation: [SIM] Position from Base-Station-1: 47.602588, -122.325988
2026-01-04 22:40:56,269 [INFO] Simulation: [SIM] Position from Team-Lead-1: 47.601179, -122.337168
2026-01-04 22:41:06,270 [INFO] Simulation: [SIM] Position from Dog-Rex: 47.608198, -122.332199
2026-01-04 22:41:06,270 [INFO] Simulation: [SIM] Position from Dog-Luna: 47.606423, -122.332544
2026-01-04 22:41:06,270 [INFO] Simulation: [SIM] Position from Base-Station-1: 47.602590, -122.325987
2026-01-04 22:41:06,271 [INFO] Simulation: [SIM] Position from Team-Lead-1: 47.601052, -122.337096
2026-01-04 22:41:16,271 [INFO] Simulation: [SIM] Position from Dog-Rex: 47.608197, -122.331999
2026-01-04 22:41:16,272 [INFO] Simulation: [SIM] Position from Dog-Luna: 47.605973, -122.331648
2026-01-04 22:41:16,272 [INFO] Simulation: [SIM] Position from Base-Station-1: 47.602583, -122.325983
2026-01-04 22:41:16,273 [INFO] Simulation: [SIM] Position from Team-Lead-1: 47.601166, -122.337150
2026-01-04 22:41:26,273 [INFO] Simulation: [SIM] Position from Dog-Rex: 47.608177, -122.331800
2026-01-04 22:41:26,273 [INFO] Simulation: [SIM] Position from Dog-Luna: 47.605529, -122.330792
2026-01-04 22:41:26,273 [INFO] Simulation: [SIM] Position from Base-Station-1: 47.602589, -122.325989
2026-01-04 22:41:26,274 [INFO] Simulation: [SIM] Position from Team-Lead-1: 47.601001, -122.337286
2026-01-04 22:41:36,274 [INFO] Simulation: [SIM] Position from Dog-Rex: 47.608138, -122.331604
2026-01-04 22:41:36,274 [INFO] Simulation: [SIM] Position from Dog-Luna: 47.605099, -122.330052
2026-01-04 22:41:36,275 [INFO] Simulation: [SIM] Position from Base-Station-1: 47.602598, -122.325982
2026-01-04 22:41:36,275 [INFO] Simulation: [SIM] Position from Team-Lead-1: 47.600957, -122.337249
2026-01-04 22:41:46,276 [INFO] Simulation: [SIM] Position from Dog-Rex: 47.608078, -122.331413
2026-01-04 22:41:46,276 [INFO] Simulation: [SIM] Position from Dog-Luna: 47.604695, -122.329496
2026-01-04 22:41:46,277 [INFO] Simulation: [SIM] Position from Base-Station-1: 47.602594, -122.325985
2026-01-04 22:41:46,277 [INFO] Simulation: [SIM] Position from Team-Lead-1: 47.600922, -122.337256
2026-01-04 22:41:56,277 [INFO] Simulation: [SIM] Position from Dog-Rex: 47.608001, -122.331229
2026-01-04 22:41:56,278 [INFO] Simulation: [SIM] Position from Dog-Luna: 47.604324, -122.329172
2026-01-04 22:41:56,278 [INFO] Simulation: [SIM] Position from Base-Station-1: 47.602585, -122.325981
2026-01-04 22:41:56,278 [INFO] Simulation: [SIM] Position from Team-Lead-1: 47.601039, -122.337358
2026-01-04 22:42:06,279 [INFO] Simulation: [SIM] Position from Dog-Rex: 47.607905, -122.331054
2026-01-04 22:42:06,279 [INFO] Simulation: [SIM] Position from Dog-Luna: 47.603995, -122.329110
2026-01-04 22:42:06,279 [INFO] Simulation: [SIM] Position from Base-Station-1: 47.602578, -122.325986
2026-01-04 22:42:06,279 [INFO] Simulation: [SIM] Position from Team-Lead-1: 47.600885, -122.337281
2026-01-04 22:42:16,280 [INFO] Simulation: [SIM] Position from Dog-Rex: 47.607792, -122.330889
2026-01-04 22:42:16,280 [INFO] Simulation: [SIM] Position from Dog-Luna: 47.603716, -122.329315
2026-01-04 22:42:16,281 [INFO] Simulation: [SIM] Position from Base-Station-1: 47.602572, -122.325994
2026-01-04 22:42:16,281 [INFO] Simulation: [SIM] Position from Team-Lead-1: 47.600926, -122.337156
2026-01-04 22:42:26,281 [INFO] Simulation: [SIM] Position from Dog-Rex: 47.607663, -122.330736
2026-01-04 22:42:26,282 [INFO] Simulation: [SIM] Position from Dog-Luna: 47.603492, -122.329768
2026-01-04 22:42:26,282 [INFO] Simulation: [SIM] Position from Base-Station-1: 47.602575, -122.326004
2026-01-04 22:42:26,282 [INFO] Simulation: [SIM] Position from Team-Lead-1: 47.600997, -122.337156
2026-01-04 22:42:36,283 [INFO] Simulation: [SIM] Position from Dog-Rex: 47.607519, -122.330597
2026-01-04 22:42:36,283 [INFO] Simulation: [SIM] Position from Dog-Luna: 47.603330, -122.330430
2026-01-04 22:42:36,283 [INFO] Simulation: [SIM] Position from Base-Station-1: 47.602580, -122.326007
2026-01-04 22:42:36,284 [INFO] Simulation: [SIM] Position from Team-Lead-1: 47.601037, -122.336959
